# JRE version: Java(TM) SE Runtime Environment (8.0_261-b12) (build 1.8.0_261-b12)
# Java VM: Java HotSpot(TM) 64-Bit Server VM (25.261-b12 mixed mode windows-amd64 compressed oops)
Heap:
 PSYoungGen      total 627200K, used 503148K [0x00000000d5f80000, 0x0000000100000000, 0x0000000100000000)
  eden space 572928K, 86% used [0x00000000d5f80000,0x00000000f4616428,0x00000000f8f00000)
  from space 54272K, 8% used [0x00000000f8f00000,0x00000000f93c4d40,0x00000000fc400000)
  to   space 52224K, 0% used [0x00000000fcd00000,0x00000000fcd00000,0x0000000100000000)
 ParOldGen       total 303616K, used 171430K [0x0000000081e00000, 0x0000000094680000, 0x00000000d5f80000)
  object space 303616K, 56% used [0x0000000081e00000,0x000000008c569a88,0x0000000094680000)
 Metaspace       used 13600K, capacity 13998K, committed 14208K, reserved 1062912K
  class space    used 1505K, capacity 1648K, committed 1664K, reserved 1048576K
GC Heap History (10 events):
Event: 87.081 GC heap before
{Heap before GC invocations=23 (full 2):
 PSYoungGen      total 648192K, used 35312K [0x00000000d5f80000, 0x0000000100000000, 0x0000000100000000)
  eden space 612864K, 0% used [0x00000000d5f80000,0x00000000d5f80000,0x00000000fb600000)
  from space 35328K, 99% used [0x00000000fb600000,0x00000000fd87c010,0x00000000fd880000)
  to   space 40448K, 0% used [0x00000000fd880000,0x00000000fd880000,0x0000000100000000)
 ParOldGen       total 171520K, used 143911K [0x0000000081e00000, 0x000000008c580000, 0x00000000d5f80000)
  object space 171520K, 83% used [0x0000000081e00000,0x000000008aa89d48,0x000000008c580000)
 Metaspace       used 13591K, capacity 13998K, committed 14208K, reserved 1062912K
  class space    used 1505K, capacity 1648K, committed 1664K, reserved 1048576K
Event: 87.687 GC heap after
Heap after GC invocations=23 (full 2):
 PSYoungGen      total 648192K, used 2027K [0x00000000d5f80000, 0x0000000100000000, 0x0000000100000000)
  eden space 612864K, 0% used [0x00000000d5f80000,0x00000000d5f80000,0x00000000fb600000)
  from space 35328K, 5% used [0x00000000fb600000,0x00000000fb7fad98,0x00000000fd880000)
  to   space 40448K, 0% used [0x00000000fd880000,0x00000000fd880000,0x0000000100000000)
 ParOldGen       total 303616K, used 171430K [0x0000000081e00000, 0x0000000094680000, 0x00000000d5f80000)
  object space 303616K, 56% used [0x0000000081e00000,0x000000008c569a88,0x0000000094680000)
 Metaspace       used 13591K, capacity 13998K, committed 14208K, reserved 1062912K
  class space    used 1505K, capacity 1648K, committed 1664K, reserved 1048576K
}
Event: 94.298 GC heap before
{Heap before GC invocations=24 (full 2):
 PSYoungGen      total 648192K, used 614891K [0x00000000d5f80000, 0x0000000100000000, 0x0000000100000000)
  eden space 612864K, 100% used [0x00000000d5f80000,0x00000000fb600000,0x00000000fb600000)
  from space 35328K, 5% used [0x00000000fb600000,0x00000000fb7fad98,0x00000000fd880000)
  to   space 40448K, 0% used [0x00000000fd880000,0x00000000fd880000,0x0000000100000000)
 ParOldGen       total 303616K, used 171430K [0x0000000081e00000, 0x0000000094680000, 0x00000000d5f80000)
  object space 303616K, 56% used [0x0000000081e00000,0x000000008c569a88,0x0000000094680000)
 Metaspace       used 13593K, capacity 13998K, committed 14208K, reserved 1062912K
  class space    used 1505K, capacity 1648K, committed 1664K, reserved 1048576K
Event: 94.317 GC heap after
Heap after GC invocations=24 (full 2):
 PSYoungGen      total 611328K, used 7192K [0x00000000d5f80000, 0x0000000100000000, 0x0000000100000000)
  eden space 570880K, 0% used [0x00000000d5f80000,0x00000000d5f80000,0x00000000f8d00000)
  from space 40448K, 17% used [0x00000000fd880000,0x00000000fdf86118,0x0000000100000000)
  to   space 58880K, 0% used [0x00000000f8d00000,0x00000000f8d00000,0x00000000fc680000)
 ParOldGen       total 303616K, used 171430K [0x0000000081e00000, 0x0000000094680000, 0x00000000d5f80000)
  object space 303616K, 56% used [0x0000000081e00000,0x000000008c569a88,0x0000000094680000)
 Metaspace       used 13593K, capacity 13998K, committed 14208K, reserved 1062912K
  class space    used 1505K, capacity 1648K, committed 1664K, reserved 1048576K
}
Event: 99.874 GC heap before
{Heap before GC invocations=25 (full 2):
 PSYoungGen      total 611328K, used 578072K [0x00000000d5f80000, 0x0000000100000000, 0x0000000100000000)
  eden space 570880K, 100% used [0x00000000d5f80000,0x00000000f8d00000,0x00000000f8d00000)
  from space 40448K, 17% used [0x00000000fd880000,0x00000000fdf86118,0x0000000100000000)
  to   space 58880K, 0% used [0x00000000f8d00000,0x00000000f8d00000,0x00000000fc680000)
 ParOldGen       total 303616K, used 171430K [0x0000000081e00000, 0x0000000094680000, 0x00000000d5f80000)
  object space 303616K, 56% used [0x0000000081e00000,0x000000008c569a88,0x0000000094680000)
 Metaspace       used 13593K, capacity 13998K, committed 14208K, reserved 1062912K
  class space    used 1505K, capacity 1648K, committed 1664K, reserved 1048576K
Event: 99.877 GC heap after
Heap after GC invocations=25 (full 2):
 PSYoungGen      total 629760K, used 4982K [0x00000000d5f80000, 0x0000000100000000, 0x0000000100000000)
  eden space 570880K, 0% used [0x00000000d5f80000,0x00000000d5f80000,0x00000000f8d00000)
  from space 58880K, 8% used [0x00000000f8d00000,0x00000000f91dda28,0x00000000fc680000)
  to   space 56832K, 0% used [0x00000000fc880000,0x00000000fc880000,0x0000000100000000)
 ParOldGen       total 303616K, used 171430K [0x0000000081e00000, 0x0000000094680000, 0x00000000d5f80000)
  object space 303616K, 56% used [0x0000000081e00000,0x000000008c569a88,0x0000000094680000)
 Metaspace       used 13593K, capacity 13998K, committed 14208K, reserved 1062912K
  class space    used 1505K, capacity 1648K, committed 1664K, reserved 1048576K
}
Event: 105.737 GC heap before
{Heap before GC invocations=26 (full 2):
 PSYoungGen      total 629760K, used 575862K [0x00000000d5f80000, 0x0000000100000000, 0x0000000100000000)
  eden space 570880K, 100% used [0x00000000d5f80000,0x00000000f8d00000,0x00000000f8d00000)
  from space 58880K, 8% used [0x00000000f8d00000,0x00000000f91dda28,0x00000000fc680000)
  to   space 56832K, 0% used [0x00000000fc880000,0x00000000fc880000,0x0000000100000000)
 ParOldGen       total 303616K, used 171430K [0x0000000081e00000, 0x0000000094680000, 0x00000000d5f80000)
  object space 303616K, 56% used [0x0000000081e00000,0x000000008c569a88,0x0000000094680000)
 Metaspace       used 13595K, capacity 13998K, committed 14208K, reserved 1062912K
  class space    used 1505K, capacity 1648K, committed 1664K, reserved 1048576K
Event: 105.742 GC heap after
Heap after GC invocations=26 (full 2):
 PSYoungGen      total 622592K, used 8307K [0x00000000d5f80000, 0x00000000ff900000, 0x0000000100000000)
  eden space 572928K, 0% used [0x00000000d5f80000,0x00000000d5f80000,0x00000000f8f00000)
  from space 49664K, 16% used [0x00000000fc880000,0x00000000fd09cd40,0x00000000ff900000)
  to   space 54272K, 0% used [0x00000000f8f00000,0x00000000f8f00000,0x00000000fc400000)
 ParOldGen       total 303616K, used 171430K [0x0000000081e00000, 0x0000000094680000, 0x00000000d5f80000)
  object space 303616K, 56% used [0x0000000081e00000,0x000000008c569a88,0x0000000094680000)
 Metaspace       used 13595K, capacity 13998K, committed 14208K, reserved 1062912K
  class space    used 1505K, capacity 1648K, committed 1664K, reserved 1048576K
}
Event: 112.321 GC heap before
{Heap before GC invocations=27 (full 2):
 PSYoungGen      total 622592K, used 581235K [0x00000000d5f80000, 0x00000000ff900000, 0x0000000100000000)
  eden space 572928K, 100% used [0x00000000d5f80000,0x00000000f8f00000,0x00000000f8f00000)
  from space 49664K, 16% used [0x00000000fc880000,0x00000000fd09cd40,0x00000000ff900000)
  to   space 54272K, 0% used [0x00000000f8f00000,0x00000000f8f00000,0x00000000fc400000)
 ParOldGen       total 303616K, used 171430K [0x0000000081e00000, 0x0000000094680000, 0x00000000d5f80000)
  object space 303616K, 56% used [0x0000000081e00000,0x000000008c569a88,0x0000000094680000)
 Metaspace       used 13600K, capacity 13998K, committed 14208K, reserved 1062912K
  class space    used 1505K, capacity 1648K, committed 1664K, reserved 1048576K
Event: 112.323 GC heap after
Heap after GC invocations=27 (full 2):
 PSYoungGen      total 627200K, used 4883K [0x00000000d5f80000, 0x0000000100000000, 0x0000000100000000)
  eden space 572928K, 0% used [0x00000000d5f80000,0x00000000d5f80000,0x00000000f8f00000)
  from space 54272K, 8% used [0x00000000f8f00000,0x00000000f93c4d40,0x00000000fc400000)
  to   space 52224K, 0% used [0x00000000fcd00000,0x00000000fcd00000,0x0000000100000000)
 ParOldGen       total 303616K, used 171430K [0x0000000081e00000, 0x0000000094680000, 0x00000000d5f80000)
  object space 303616K, 56% used [0x0000000081e00000,0x000000008c569a88,0x0000000094680000)
 Metaspace       used 13600K, capacity 13998K, committed 14208K, reserved 1062912K
  class space    used 1505K, capacity 1648K, committed 1664K, reserved 1048576K
}

