# JRE version: Java(TM) SE Runtime Environment (8.0_261-b12) (build 1.8.0_261-b12)
# Java VM: Java HotSpot(TM) 64-Bit Server VM (25.261-b12 mixed mode windows-amd64 compressed oops)
Heap:
 PSYoungGen      total 623616K, used 429564K [0x00000000d5f80000, 0x00000000ff900000, 0x0000000100000000)
  eden space 563200K, 70% used [0x00000000d5f80000,0x00000000ee217af0,0x00000000f8580000)
  from space 60416K, 55% used [0x00000000f8580000,0x00000000fa6678c0,0x00000000fc080000)
  to   space 57856K, 0% used [0x00000000fc080000,0x00000000fc080000,0x00000000ff900000)
 ParOldGen       total 1377792K, used 992579K [0x0000000081e00000, 0x00000000d5f80000, 0x00000000d5f80000)
  object space 1377792K, 72% used [0x0000000081e00000,0x00000000be750e30,0x00000000d5f80000)
 Metaspace       used 13859K, capacity 14206K, committed 14464K, reserved 1062912K
  class space    used 1518K, capacity 1648K, committed 1664K, reserved 1048576K
GC Heap History (10 events):
Event: 21865.923 GC heap before
{Heap before GC invocations=4488 (full 83):
 PSYoungGen      total 625152K, used 610240K [0x00000000d5f80000, 0x0000000100000000, 0x0000000100000000)
  eden space 566784K, 100% used [0x00000000d5f80000,0x00000000f8900000,0x00000000f8900000)
  from space 58368K, 74% used [0x00000000fc480000,0x00000000feef0000,0x00000000ffd80000)
  to   space 60928K, 0% used [0x00000000f8900000,0x00000000f8900000,0x00000000fc480000)
 ParOldGen       total 1377792K, used 977571K [0x0000000081e00000, 0x00000000d5f80000, 0x00000000d5f80000)
  object space 1377792K, 70% used [0x0000000081e00000,0x00000000bd8a8ce0,0x00000000d5f80000)
 Metaspace       used 13859K, capacity 14206K, committed 14464K, reserved 1062912K
  class space    used 1518K, capacity 1648K, committed 1664K, reserved 1048576K
Event: 21865.952 GC heap after
Heap after GC invocations=4488 (full 83):
 PSYoungGen      total 616960K, used 49982K [0x00000000d5f80000, 0x0000000100000000, 0x0000000100000000)
  eden space 566784K, 0% used [0x00000000d5f80000,0x00000000d5f80000,0x00000000f8900000)
  from space 50176K, 99% used [0x00000000f8900000,0x00000000fb9cf8c0,0x00000000fba00000)
  to   space 64512K, 0% used [0x00000000fc100000,0x00000000fc100000,0x0000000100000000)
 ParOldGen       total 1377792K, used 979147K [0x0000000081e00000, 0x00000000d5f80000, 0x00000000d5f80000)
  object space 1377792K, 71% used [0x0000000081e00000,0x00000000bda32d98,0x00000000d5f80000)
 Metaspace       used 13859K, capacity 14206K, committed 14464K, reserved 1062912K
  class space    used 1518K, capacity 1648K, committed 1664K, reserved 1048576K
}
Event: 21868.026 GC heap before
{Heap before GC invocations=4489 (full 83):
 PSYoungGen      total 616960K, used 616766K [0x00000000d5f80000, 0x0000000100000000, 0x0000000100000000)
  eden space 566784K, 100% used [0x00000000d5f80000,0x00000000f8900000,0x00000000f8900000)
  from space 50176K, 99% used [0x00000000f8900000,0x00000000fb9cf8c0,0x00000000fba00000)
  to   space 64512K, 0% used [0x00000000fc100000,0x00000000fc100000,0x0000000100000000)
 ParOldGen       total 1377792K, used 979147K [0x0000000081e00000, 0x00000000d5f80000, 0x00000000d5f80000)
  object space 1377792K, 71% used [0x0000000081e00000,0x00000000bda32d98,0x00000000d5f80000)
 Metaspace       used 13859K, capacity 14206K, committed 14464K, reserved 1062912K
  class space    used 1518K, capacity 1648K, committed 1664K, reserved 1048576K
Event: 21868.048 GC heap after
Heap after GC invocations=4489 (full 83):
 PSYoungGen      total 625664K, used 37504K [0x00000000d5f80000, 0x0000000100000000, 0x0000000100000000)
  eden space 561152K, 0% used [0x00000000d5f80000,0x00000000d5f80000,0x00000000f8380000)
  from space 64512K, 58% used [0x00000000fc100000,0x00000000fe5a0000,0x0000000100000000)
  to   space 62976K, 0% used [0x00000000f8380000,0x00000000f8380000,0x00000000fc100000)
 ParOldGen       total 1377792K, used 985073K [0x0000000081e00000, 0x00000000d5f80000, 0x00000000d5f80000)
  object space 1377792K, 71% used [0x0000000081e00000,0x00000000bdffc790,0x00000000d5f80000)
 Metaspace       used 13859K, capacity 14206K, committed 14464K, reserved 1062912K
  class space    used 1518K, capacity 1648K, committed 1664K, reserved 1048576K
}
Event: 21871.262 GC heap before
{Heap before GC invocations=4490 (full 83):
 PSYoungGen      total 625664K, used 598656K [0x00000000d5f80000, 0x0000000100000000, 0x0000000100000000)
  eden space 561152K, 100% used [0x00000000d5f80000,0x00000000f8380000,0x00000000f8380000)
  from space 64512K, 58% used [0x00000000fc100000,0x00000000fe5a0000,0x0000000100000000)
  to   space 62976K, 0% used [0x00000000f8380000,0x00000000f8380000,0x00000000fc100000)
 ParOldGen       total 1377792K, used 985073K [0x0000000081e00000, 0x00000000d5f80000, 0x00000000d5f80000)
  object space 1377792K, 71% used [0x0000000081e00000,0x00000000bdffc790,0x00000000d5f80000)
 Metaspace       used 13859K, capacity 14206K, committed 14464K, reserved 1062912K
  class space    used 1518K, capacity 1648K, committed 1664K, reserved 1048576K
Event: 21871.288 GC heap after
Heap after GC invocations=4490 (full 83):
 PSYoungGen      total 601600K, used 40416K [0x00000000d5f80000, 0x00000000ffd80000, 0x0000000100000000)
  eden space 561152K, 0% used [0x00000000d5f80000,0x00000000d5f80000,0x00000000f8380000)
  from space 40448K, 99% used [0x00000000f8380000,0x00000000faaf8000,0x00000000fab00000)
  to   space 62464K, 0% used [0x00000000fc080000,0x00000000fc080000,0x00000000ffd80000)
 ParOldGen       total 1377792K, used 986219K [0x0000000081e00000, 0x00000000d5f80000, 0x00000000d5f80000)
  object space 1377792K, 71% used [0x0000000081e00000,0x00000000be11ae40,0x00000000d5f80000)
 Metaspace       used 13859K, capacity 14206K, committed 14464K, reserved 1062912K
  class space    used 1518K, capacity 1648K, committed 1664K, reserved 1048576K
}
Event: 21873.321 GC heap before
{Heap before GC invocations=4491 (full 83):
 PSYoungGen      total 601600K, used 601568K [0x00000000d5f80000, 0x00000000ffd80000, 0x0000000100000000)
  eden space 561152K, 100% used [0x00000000d5f80000,0x00000000f8380000,0x00000000f8380000)
  from space 40448K, 99% used [0x00000000f8380000,0x00000000faaf8000,0x00000000fab00000)
  to   space 62464K, 0% used [0x00000000fc080000,0x00000000fc080000,0x00000000ffd80000)
 ParOldGen       total 1377792K, used 986219K [0x0000000081e00000, 0x00000000d5f80000, 0x00000000d5f80000)
  object space 1377792K, 71% used [0x0000000081e00000,0x00000000be11ae40,0x00000000d5f80000)
 Metaspace       used 13859K, capacity 14206K, committed 14464K, reserved 1062912K
  class space    used 1518K, capacity 1648K, committed 1664K, reserved 1048576K
Event: 21873.340 GC heap after
Heap after GC invocations=4491 (full 83):
 PSYoungGen      total 625664K, used 29504K [0x00000000d5f80000, 0x0000000100000000, 0x0000000100000000)
  eden space 563200K, 0% used [0x00000000d5f80000,0x00000000d5f80000,0x00000000f8580000)
  from space 62464K, 47% used [0x00000000fc080000,0x00000000fdd50000,0x00000000ffd80000)
  to   space 60416K, 0% used [0x00000000f8580000,0x00000000f8580000,0x00000000fc080000)
 ParOldGen       total 1377792K, used 991597K [0x0000000081e00000, 0x00000000d5f80000, 0x00000000d5f80000)
  object space 1377792K, 71% used [0x0000000081e00000,0x00000000be65b428,0x00000000d5f80000)
 Metaspace       used 13859K, capacity 14206K, committed 14464K, reserved 1062912K
  class space    used 1518K, capacity 1648K, committed 1664K, reserved 1048576K
}
Event: 21876.533 GC heap before
{Heap before GC invocations=4492 (full 83):
 PSYoungGen      total 625664K, used 592704K [0x00000000d5f80000, 0x0000000100000000, 0x0000000100000000)
  eden space 563200K, 100% used [0x00000000d5f80000,0x00000000f8580000,0x00000000f8580000)
  from space 62464K, 47% used [0x00000000fc080000,0x00000000fdd50000,0x00000000ffd80000)
  to   space 60416K, 0% used [0x00000000f8580000,0x00000000f8580000,0x00000000fc080000)
 ParOldGen       total 1377792K, used 991597K [0x0000000081e00000, 0x00000000d5f80000, 0x00000000d5f80000)
  object space 1377792K, 71% used [0x0000000081e00000,0x00000000be65b428,0x00000000d5f80000)
 Metaspace       used 13859K, capacity 14206K, committed 14464K, reserved 1062912K
  class space    used 1518K, capacity 1648K, committed 1664K, reserved 1048576K
Event: 21876.553 GC heap after
Heap after GC invocations=4492 (full 83):
 PSYoungGen      total 623616K, used 33694K [0x00000000d5f80000, 0x00000000ff900000, 0x0000000100000000)
  eden space 563200K, 0% used [0x00000000d5f80000,0x00000000d5f80000,0x00000000f8580000)
  from space 60416K, 55% used [0x00000000f8580000,0x00000000fa6678c0,0x00000000fc080000)
  to   space 57856K, 0% used [0x00000000fc080000,0x00000000fc080000,0x00000000ff900000)
 ParOldGen       total 1377792K, used 992579K [0x0000000081e00000, 0x00000000d5f80000, 0x00000000d5f80000)
  object space 1377792K, 72% used [0x0000000081e00000,0x00000000be750e30,0x00000000d5f80000)
 Metaspace       used 13859K, capacity 14206K, committed 14464K, reserved 1062912K
  class space    used 1518K, capacity 1648K, committed 1664K, reserved 1048576K
}

