# JRE version: Java(TM) SE Runtime Environment (8.0_261-b12) (build 1.8.0_261-b12)
# Java VM: Java HotSpot(TM) 64-Bit Server VM (25.261-b12 mixed mode windows-amd64 compressed oops)
Heap:
 PSYoungGen      total 446464K, used 108188K [0x00000000d5f80000, 0x00000000f5480000, 0x0000000100000000)
  eden space 394240K, 19% used [0x00000000d5f80000,0x00000000da90f110,0x00000000ee080000)
  from space 52224K, 62% used [0x00000000ee080000,0x00000000f0098000,0x00000000f1380000)
  to   space 51200K, 0% used [0x00000000f2280000,0x00000000f2280000,0x00000000f5480000)
 ParOldGen       total 983552K, used 536701K [0x0000000081e00000, 0x00000000bde80000, 0x00000000d5f80000)
  object space 983552K, 54% used [0x0000000081e00000,0x00000000a2a1f618,0x00000000bde80000)
 Metaspace       used 13646K, capacity 14014K, committed 14208K, reserved 1062912K
  class space    used 1503K, capacity 1616K, committed 1664K, reserved 1048576K
GC Heap History (10 events):
Event: 632.555 GC heap before
{Heap before GC invocations=394 (full 11):
 PSYoungGen      total 424960K, used 400350K [0x00000000d5f80000, 0x00000000f3b80000, 0x0000000100000000)
  eden space 370688K, 100% used [0x00000000d5f80000,0x00000000ec980000,0x00000000ec980000)
  from space 54272K, 54% used [0x00000000f0680000,0x00000000f23778c8,0x00000000f3b80000)
  to   space 58368K, 0% used [0x00000000ec980000,0x00000000ec980000,0x00000000f0280000)
 ParOldGen       total 983552K, used 535597K [0x0000000081e00000, 0x00000000bde80000, 0x00000000d5f80000)
  object space 983552K, 54% used [0x0000000081e00000,0x00000000a290b618,0x00000000bde80000)
 Metaspace       used 13646K, capacity 14014K, committed 14208K, reserved 1062912K
  class space    used 1503K, capacity 1616K, committed 1664K, reserved 1048576K
Event: 632.577 GC heap after
Heap after GC invocations=394 (full 11):
 PSYoungGen      total 429056K, used 27584K [0x00000000d5f80000, 0x00000000f4300000, 0x0000000100000000)
  eden space 370688K, 0% used [0x00000000d5f80000,0x00000000d5f80000,0x00000000ec980000)
  from space 58368K, 47% used [0x00000000ec980000,0x00000000ee470000,0x00000000f0280000)
  to   space 55808K, 0% used [0x00000000f0c80000,0x00000000f0c80000,0x00000000f4300000)
 ParOldGen       total 983552K, used 535733K [0x0000000081e00000, 0x00000000bde80000, 0x00000000d5f80000)
  object space 983552K, 54% used [0x0000000081e00000,0x00000000a292d618,0x00000000bde80000)
 Metaspace       used 13646K, capacity 14014K, committed 14208K, reserved 1062912K
  class space    used 1503K, capacity 1616K, committed 1664K, reserved 1048576K
}
Event: 635.509 GC heap before
{Heap before GC invocations=395 (full 11):
 PSYoungGen      total 429056K, used 398272K [0x00000000d5f80000, 0x00000000f4300000, 0x0000000100000000)
  eden space 370688K, 100% used [0x00000000d5f80000,0x00000000ec980000,0x00000000ec980000)
  from space 58368K, 47% used [0x00000000ec980000,0x00000000ee470000,0x00000000f0280000)
  to   space 55808K, 0% used [0x00000000f0c80000,0x00000000f0c80000,0x00000000f4300000)
 ParOldGen       total 983552K, used 535733K [0x0000000081e00000, 0x00000000bde80000, 0x00000000d5f80000)
  object space 983552K, 54% used [0x0000000081e00000,0x00000000a292d618,0x00000000bde80000)
 Metaspace       used 13646K, capacity 14014K, committed 14208K, reserved 1062912K
  class space    used 1503K, capacity 1616K, committed 1664K, reserved 1048576K
Event: 635.530 GC heap after
Heap after GC invocations=395 (full 11):
 PSYoungGen      total 438272K, used 36864K [0x00000000d5f80000, 0x00000000f4280000, 0x0000000100000000)
  eden space 382976K, 0% used [0x00000000d5f80000,0x00000000d5f80000,0x00000000ed580000)
  from space 55296K, 66% used [0x00000000f0c80000,0x00000000f3080000,0x00000000f4280000)
  to   space 55808K, 0% used [0x00000000ed580000,0x00000000ed580000,0x00000000f0c00000)
 ParOldGen       total 983552K, used 536053K [0x0000000081e00000, 0x00000000bde80000, 0x00000000d5f80000)
  object space 983552K, 54% used [0x0000000081e00000,0x00000000a297d618,0x00000000bde80000)
 Metaspace       used 13646K, capacity 14014K, committed 14208K, reserved 1062912K
  class space    used 1503K, capacity 1616K, committed 1664K, reserved 1048576K
}
Event: 637.258 GC heap before
{Heap before GC invocations=396 (full 11):
 PSYoungGen      total 438272K, used 419840K [0x00000000d5f80000, 0x00000000f4280000, 0x0000000100000000)
  eden space 382976K, 100% used [0x00000000d5f80000,0x00000000ed580000,0x00000000ed580000)
  from space 55296K, 66% used [0x00000000f0c80000,0x00000000f3080000,0x00000000f4280000)
  to   space 55808K, 0% used [0x00000000ed580000,0x00000000ed580000,0x00000000f0c00000)
 ParOldGen       total 983552K, used 536053K [0x0000000081e00000, 0x00000000bde80000, 0x00000000d5f80000)
  object space 983552K, 54% used [0x0000000081e00000,0x00000000a297d618,0x00000000bde80000)
 Metaspace       used 13646K, capacity 14014K, committed 14208K, reserved 1062912K
  class space    used 1503K, capacity 1616K, committed 1664K, reserved 1048576K
Event: 637.271 GC heap after
Heap after GC invocations=396 (full 11):
 PSYoungGen      total 438784K, used 22752K [0x00000000d5f80000, 0x00000000f4c80000, 0x0000000100000000)
  eden space 382976K, 0% used [0x00000000d5f80000,0x00000000d5f80000,0x00000000ed580000)
  from space 55808K, 40% used [0x00000000ed580000,0x00000000eebb8000,0x00000000f0c00000)
  to   space 54784K, 0% used [0x00000000f1700000,0x00000000f1700000,0x00000000f4c80000)
 ParOldGen       total 983552K, used 536133K [0x0000000081e00000, 0x00000000bde80000, 0x00000000d5f80000)
  object space 983552K, 54% used [0x0000000081e00000,0x00000000a2991618,0x00000000bde80000)
 Metaspace       used 13646K, capacity 14014K, committed 14208K, reserved 1062912K
  class space    used 1503K, capacity 1616K, committed 1664K, reserved 1048576K
}
Event: 639.814 GC heap before
{Heap before GC invocations=397 (full 11):
 PSYoungGen      total 438784K, used 405728K [0x00000000d5f80000, 0x00000000f4c80000, 0x0000000100000000)
  eden space 382976K, 100% used [0x00000000d5f80000,0x00000000ed580000,0x00000000ed580000)
  from space 55808K, 40% used [0x00000000ed580000,0x00000000eebb8000,0x00000000f0c00000)
  to   space 54784K, 0% used [0x00000000f1700000,0x00000000f1700000,0x00000000f4c80000)
 ParOldGen       total 983552K, used 536133K [0x0000000081e00000, 0x00000000bde80000, 0x00000000d5f80000)
  object space 983552K, 54% used [0x0000000081e00000,0x00000000a2991618,0x00000000bde80000)
 Metaspace       used 13646K, capacity 14014K, committed 14208K, reserved 1062912K
  class space    used 1503K, capacity 1616K, committed 1664K, reserved 1048576K
Event: 639.829 GC heap after
Heap after GC invocations=397 (full 11):
 PSYoungGen      total 442880K, used 27614K [0x00000000d5f80000, 0x00000000f4680000, 0x0000000100000000)
  eden space 394240K, 0% used [0x00000000d5f80000,0x00000000d5f80000,0x00000000ee080000)
  from space 48640K, 56% used [0x00000000f1700000,0x00000000f31f78c8,0x00000000f4680000)
  to   space 52224K, 0% used [0x00000000ee080000,0x00000000ee080000,0x00000000f1380000)
 ParOldGen       total 983552K, used 536309K [0x0000000081e00000, 0x00000000bde80000, 0x00000000d5f80000)
  object space 983552K, 54% used [0x0000000081e00000,0x00000000a29bd618,0x00000000bde80000)
 Metaspace       used 13646K, capacity 14014K, committed 14208K, reserved 1062912K
  class space    used 1503K, capacity 1616K, committed 1664K, reserved 1048576K
}
Event: 641.530 GC heap before
{Heap before GC invocations=398 (full 11):
 PSYoungGen      total 442880K, used 421854K [0x00000000d5f80000, 0x00000000f4680000, 0x0000000100000000)
  eden space 394240K, 100% used [0x00000000d5f80000,0x00000000ee080000,0x00000000ee080000)
  from space 48640K, 56% used [0x00000000f1700000,0x00000000f31f78c8,0x00000000f4680000)
  to   space 52224K, 0% used [0x00000000ee080000,0x00000000ee080000,0x00000000f1380000)
 ParOldGen       total 983552K, used 536309K [0x0000000081e00000, 0x00000000bde80000, 0x00000000d5f80000)
  object space 983552K, 54% used [0x0000000081e00000,0x00000000a29bd618,0x00000000bde80000)
 Metaspace       used 13646K, capacity 14014K, committed 14208K, reserved 1062912K
  class space    used 1503K, capacity 1616K, committed 1664K, reserved 1048576K
Event: 641.570 GC heap after
Heap after GC invocations=398 (full 11):
 PSYoungGen      total 446464K, used 32864K [0x00000000d5f80000, 0x00000000f5480000, 0x0000000100000000)
  eden space 394240K, 0% used [0x00000000d5f80000,0x00000000d5f80000,0x00000000ee080000)
  from space 52224K, 62% used [0x00000000ee080000,0x00000000f0098000,0x00000000f1380000)
  to   space 51200K, 0% used [0x00000000f2280000,0x00000000f2280000,0x00000000f5480000)
 ParOldGen       total 983552K, used 536701K [0x0000000081e00000, 0x00000000bde80000, 0x00000000d5f80000)
  object space 983552K, 54% used [0x0000000081e00000,0x00000000a2a1f618,0x00000000bde80000)
 Metaspace       used 13646K, capacity 14014K, committed 14208K, reserved 1062912K
  class space    used 1503K, capacity 1616K, committed 1664K, reserved 1048576K
}

