# JRE version: Java(TM) SE Runtime Environment (8.0_261-b12) (build 1.8.0_261-b12)
# Java VM: Java HotSpot(TM) 64-Bit Server VM (25.261-b12 mixed mode windows-amd64 compressed oops)
Heap:
 PSYoungGen      total 310272K, used 185505K [0x00000000d5f80000, 0x00000000eb180000, 0x0000000100000000)
  eden space 290816K, 57% used [0x00000000d5f80000,0x00000000e01f04b0,0x00000000e7b80000)
  from space 19456K, 98% used [0x00000000e8080000,0x00000000e9338000,0x00000000e9380000)
  to   space 27648K, 0% used [0x00000000e9680000,0x00000000e9680000,0x00000000eb180000)
 ParOldGen       total 793600K, used 348621K [0x0000000081e00000, 0x00000000b2500000, 0x00000000d5f80000)
  object space 793600K, 43% used [0x0000000081e00000,0x00000000972736c0,0x00000000b2500000)
 Metaspace       used 13781K, capacity 14110K, committed 14208K, reserved 1062912K
  class space    used 1506K, capacity 1618K, committed 1664K, reserved 1048576K
GC Heap History (10 events):
Event: 1619.514 GC heap before
{Heap before GC invocations=586 (full 21):
 PSYoungGen      total 296448K, used 289952K [0x00000000d5f80000, 0x00000000ea400000, 0x0000000100000000)
  eden space 270848K, 100% used [0x00000000d5f80000,0x00000000e6800000,0x00000000e6800000)
  from space 25600K, 74% used [0x00000000e8b00000,0x00000000e9da8000,0x00000000ea400000)
  to   space 30720K, 0% used [0x00000000e6800000,0x00000000e6800000,0x00000000e8600000)
 ParOldGen       total 793600K, used 344276K [0x0000000081e00000, 0x00000000b2500000, 0x00000000d5f80000)
  object space 793600K, 43% used [0x0000000081e00000,0x0000000096e353a0,0x00000000b2500000)
 Metaspace       used 13781K, capacity 14110K, committed 14208K, reserved 1062912K
  class space    used 1506K, capacity 1618K, committed 1664K, reserved 1048576K
Event: 1619.523 GC heap after
Heap after GC invocations=586 (full 21):
 PSYoungGen      total 301568K, used 15968K [0x00000000d5f80000, 0x00000000ec480000, 0x0000000100000000)
  eden space 270848K, 0% used [0x00000000d5f80000,0x00000000d5f80000,0x00000000e6800000)
  from space 30720K, 51% used [0x00000000e6800000,0x00000000e7798000,0x00000000e8600000)
  to   space 29696K, 0% used [0x00000000ea780000,0x00000000ea780000,0x00000000ec480000)
 ParOldGen       total 793600K, used 345155K [0x0000000081e00000, 0x00000000b2500000, 0x00000000d5f80000)
  object space 793600K, 43% used [0x0000000081e00000,0x0000000096f10c68,0x00000000b2500000)
 Metaspace       used 13781K, capacity 14110K, committed 14208K, reserved 1062912K
  class space    used 1506K, capacity 1618K, committed 1664K, reserved 1048576K
}
Event: 1621.274 GC heap before
{Heap before GC invocations=587 (full 21):
 PSYoungGen      total 301568K, used 286816K [0x00000000d5f80000, 0x00000000ec480000, 0x0000000100000000)
  eden space 270848K, 100% used [0x00000000d5f80000,0x00000000e6800000,0x00000000e6800000)
  from space 30720K, 51% used [0x00000000e6800000,0x00000000e7798000,0x00000000e8600000)
  to   space 29696K, 0% used [0x00000000ea780000,0x00000000ea780000,0x00000000ec480000)
 ParOldGen       total 793600K, used 345155K [0x0000000081e00000, 0x00000000b2500000, 0x00000000d5f80000)
  object space 793600K, 43% used [0x0000000081e00000,0x0000000096f10c68,0x00000000b2500000)
 Metaspace       used 13781K, capacity 14110K, committed 14208K, reserved 1062912K
  class space    used 1506K, capacity 1618K, committed 1664K, reserved 1048576K
Event: 1621.286 GC heap after
Heap after GC invocations=587 (full 21):
 PSYoungGen      total 333824K, used 18464K [0x00000000d5f80000, 0x00000000ec280000, 0x0000000100000000)
  eden space 306176K, 0% used [0x00000000d5f80000,0x00000000d5f80000,0x00000000e8a80000)
  from space 27648K, 66% used [0x00000000ea780000,0x00000000eb988000,0x00000000ec280000)
  to   space 28672K, 0% used [0x00000000e8a80000,0x00000000e8a80000,0x00000000ea680000)
 ParOldGen       total 793600K, used 345739K [0x0000000081e00000, 0x00000000b2500000, 0x00000000d5f80000)
  object space 793600K, 43% used [0x0000000081e00000,0x0000000096fa2c68,0x00000000b2500000)
 Metaspace       used 13781K, capacity 14110K, committed 14208K, reserved 1062912K
  class space    used 1506K, capacity 1618K, committed 1664K, reserved 1048576K
}
Event: 1623.094 GC heap before
{Heap before GC invocations=588 (full 21):
 PSYoungGen      total 333824K, used 324640K [0x00000000d5f80000, 0x00000000ec280000, 0x0000000100000000)
  eden space 306176K, 100% used [0x00000000d5f80000,0x00000000e8a80000,0x00000000e8a80000)
  from space 27648K, 66% used [0x00000000ea780000,0x00000000eb988000,0x00000000ec280000)
  to   space 28672K, 0% used [0x00000000e8a80000,0x00000000e8a80000,0x00000000ea680000)
 ParOldGen       total 793600K, used 345739K [0x0000000081e00000, 0x00000000b2500000, 0x00000000d5f80000)
  object space 793600K, 43% used [0x0000000081e00000,0x0000000096fa2c68,0x00000000b2500000)
 Metaspace       used 13781K, capacity 14110K, committed 14208K, reserved 1062912K
  class space    used 1506K, capacity 1618K, committed 1664K, reserved 1048576K
Event: 1623.102 GC heap after
Heap after GC invocations=588 (full 21):
 PSYoungGen      total 316416K, used 15326K [0x00000000d5f80000, 0x00000000ebc80000, 0x0000000100000000)
  eden space 301056K, 0% used [0x00000000d5f80000,0x00000000d5f80000,0x00000000e8580000)
  from space 15360K, 99% used [0x00000000e8a80000,0x00000000e99778c8,0x00000000e9980000)
  to   space 28160K, 0% used [0x00000000ea100000,0x00000000ea100000,0x00000000ebc80000)
 ParOldGen       total 793600K, used 345889K [0x0000000081e00000, 0x00000000b2500000, 0x00000000d5f80000)
  object space 793600K, 43% used [0x0000000081e00000,0x0000000096fc8530,0x00000000b2500000)
 Metaspace       used 13781K, capacity 14110K, committed 14208K, reserved 1062912K
  class space    used 1506K, capacity 1618K, committed 1664K, reserved 1048576K
}
Event: 1625.005 GC heap before
{Heap before GC invocations=589 (full 21):
 PSYoungGen      total 316416K, used 316382K [0x00000000d5f80000, 0x00000000ebc80000, 0x0000000100000000)
  eden space 301056K, 100% used [0x00000000d5f80000,0x00000000e8580000,0x00000000e8580000)
  from space 15360K, 99% used [0x00000000e8a80000,0x00000000e99778c8,0x00000000e9980000)
  to   space 28160K, 0% used [0x00000000ea100000,0x00000000ea100000,0x00000000ebc80000)
 ParOldGen       total 793600K, used 345889K [0x0000000081e00000, 0x00000000b2500000, 0x00000000d5f80000)
  object space 793600K, 43% used [0x0000000081e00000,0x0000000096fc8530,0x00000000b2500000)
 Metaspace       used 13781K, capacity 14110K, committed 14208K, reserved 1062912K
  class space    used 1506K, capacity 1618K, committed 1664K, reserved 1048576K
Event: 1625.017 GC heap after
Heap after GC invocations=589 (full 21):
 PSYoungGen      total 318976K, used 20896K [0x00000000d5f80000, 0x00000000eb780000, 0x0000000100000000)
  eden space 295936K, 0% used [0x00000000d5f80000,0x00000000d5f80000,0x00000000e8080000)
  from space 23040K, 90% used [0x00000000ea100000,0x00000000eb568000,0x00000000eb780000)
  to   space 28160K, 0% used [0x00000000e8080000,0x00000000e8080000,0x00000000e9c00000)
 ParOldGen       total 793600K, used 346031K [0x0000000081e00000, 0x00000000b2500000, 0x00000000d5f80000)
  object space 793600K, 43% used [0x0000000081e00000,0x0000000096febdf8,0x00000000b2500000)
 Metaspace       used 13781K, capacity 14110K, committed 14208K, reserved 1062912K
  class space    used 1506K, capacity 1618K, committed 1664K, reserved 1048576K
}
Event: 1626.817 GC heap before
{Heap before GC invocations=590 (full 21):
 PSYoungGen      total 318976K, used 316832K [0x00000000d5f80000, 0x00000000eb780000, 0x0000000100000000)
  eden space 295936K, 100% used [0x00000000d5f80000,0x00000000e8080000,0x00000000e8080000)
  from space 23040K, 90% used [0x00000000ea100000,0x00000000eb568000,0x00000000eb780000)
  to   space 28160K, 0% used [0x00000000e8080000,0x00000000e8080000,0x00000000e9c00000)
 ParOldGen       total 793600K, used 346031K [0x0000000081e00000, 0x00000000b2500000, 0x00000000d5f80000)
  object space 793600K, 43% used [0x0000000081e00000,0x0000000096febdf8,0x00000000b2500000)
 Metaspace       used 13781K, capacity 14110K, committed 14208K, reserved 1062912K
  class space    used 1506K, capacity 1618K, committed 1664K, reserved 1048576K
Event: 1626.828 GC heap after
Heap after GC invocations=590 (full 21):
 PSYoungGen      total 310272K, used 19168K [0x00000000d5f80000, 0x00000000eb180000, 0x0000000100000000)
  eden space 290816K, 0% used [0x00000000d5f80000,0x00000000d5f80000,0x00000000e7b80000)
  from space 19456K, 98% used [0x00000000e8080000,0x00000000e9338000,0x00000000e9380000)
  to   space 27648K, 0% used [0x00000000e9680000,0x00000000e9680000,0x00000000eb180000)
 ParOldGen       total 793600K, used 348621K [0x0000000081e00000, 0x00000000b2500000, 0x00000000d5f80000)
  object space 793600K, 43% used [0x0000000081e00000,0x00000000972736c0,0x00000000b2500000)
 Metaspace       used 13781K, capacity 14110K, committed 14208K, reserved 1062912K
  class space    used 1506K, capacity 1618K, committed 1664K, reserved 1048576K
}

