# JRE version: Java(TM) SE Runtime Environment (8.0_261-b12) (build 1.8.0_261-b12)
# Java VM: Java HotSpot(TM) 64-Bit Server VM (25.261-b12 mixed mode windows-amd64 compressed oops)
Heap:
 PSYoungGen      total 594944K, used 275074K [0x00000000d5f80000, 0x0000000100000000, 0x0000000100000000)
  eden space 509440K, 53% used [0x00000000d5f80000,0x00000000e6c20aa8,0x00000000f5100000)
  from space 85504K, 0% used [0x00000000fac80000,0x00000000fac80000,0x0000000100000000)
  to   space 89600K, 0% used [0x00000000f5100000,0x00000000f5100000,0x00000000fa880000)
 ParOldGen       total 781312K, used 127995K [0x0000000081e00000, 0x00000000b1900000, 0x00000000d5f80000)
  object space 781312K, 16% used [0x0000000081e00000,0x0000000089afece0,0x00000000b1900000)
 Metaspace       used 13748K, capacity 14110K, committed 14208K, reserved 1062912K
  class space    used 1504K, capacity 1618K, committed 1664K, reserved 1048576K
GC Heap History (10 events):
Event: 1554.242 GC heap before
{Heap before GC invocations=521 (full 24):
 PSYoungGen      total 591360K, used 534076K [0x00000000d5f80000, 0x00000000ff900000, 0x0000000100000000)
  eden space 503296K, 100% used [0x00000000d5f80000,0x00000000f4b00000,0x00000000f4b00000)
  from space 88064K, 34% used [0x00000000fa300000,0x00000000fc10f190,0x00000000ff900000)
  to   space 89088K, 0% used [0x00000000f4b00000,0x00000000f4b00000,0x00000000fa200000)
 ParOldGen       total 764416K, used 658389K [0x0000000081e00000, 0x00000000b0880000, 0x00000000d5f80000)
  object space 764416K, 86% used [0x0000000081e00000,0x00000000aa0f5740,0x00000000b0880000)
 Metaspace       used 13748K, capacity 14110K, committed 14208K, reserved 1062912K
  class space    used 1504K, capacity 1618K, committed 1664K, reserved 1048576K
Event: 1554.257 GC heap after
Heap after GC invocations=521 (full 24):
 PSYoungGen      total 592384K, used 22272K [0x00000000d5f80000, 0x00000000ffd00000, 0x0000000100000000)
  eden space 503296K, 0% used [0x00000000d5f80000,0x00000000d5f80000,0x00000000f4b00000)
  from space 89088K, 25% used [0x00000000f4b00000,0x00000000f60c0000,0x00000000fa200000)
  to   space 87040K, 0% used [0x00000000fa800000,0x00000000fa800000,0x00000000ffd00000)
 ParOldGen       total 764416K, used 663938K [0x0000000081e00000, 0x00000000b0880000, 0x00000000d5f80000)
  object space 764416K, 86% used [0x0000000081e00000,0x00000000aa6608d0,0x00000000b0880000)
 Metaspace       used 13748K, capacity 14110K, committed 14208K, reserved 1062912K
  class space    used 1504K, capacity 1618K, committed 1664K, reserved 1048576K
}
Event: 1557.766 GC heap before
{Heap before GC invocations=522 (full 24):
 PSYoungGen      total 592384K, used 525568K [0x00000000d5f80000, 0x00000000ffd00000, 0x0000000100000000)
  eden space 503296K, 100% used [0x00000000d5f80000,0x00000000f4b00000,0x00000000f4b00000)
  from space 89088K, 25% used [0x00000000f4b00000,0x00000000f60c0000,0x00000000fa200000)
  to   space 87040K, 0% used [0x00000000fa800000,0x00000000fa800000,0x00000000ffd00000)
 ParOldGen       total 764416K, used 663938K [0x0000000081e00000, 0x00000000b0880000, 0x00000000d5f80000)
  object space 764416K, 86% used [0x0000000081e00000,0x00000000aa6608d0,0x00000000b0880000)
 Metaspace       used 13748K, capacity 14110K, committed 14208K, reserved 1062912K
  class space    used 1504K, capacity 1618K, committed 1664K, reserved 1048576K
Event: 1557.780 GC heap after
Heap after GC invocations=522 (full 24):
 PSYoungGen      total 595456K, used 26044K [0x00000000d5f80000, 0x00000000ff900000, 0x0000000100000000)
  eden space 512512K, 0% used [0x00000000d5f80000,0x00000000d5f80000,0x00000000f5400000)
  from space 82944K, 31% used [0x00000000fa800000,0x00000000fc16f190,0x00000000ff900000)
  to   space 84480K, 0% used [0x00000000f5400000,0x00000000f5400000,0x00000000fa680000)
 ParOldGen       total 764416K, used 664064K [0x0000000081e00000, 0x00000000b0880000, 0x00000000d5f80000)
  object space 764416K, 86% used [0x0000000081e00000,0x00000000aa680198,0x00000000b0880000)
 Metaspace       used 13748K, capacity 14110K, committed 14208K, reserved 1062912K
  class space    used 1504K, capacity 1618K, committed 1664K, reserved 1048576K
}
Event: 1558.875 GC heap before
{Heap before GC invocations=523 (full 24):
 PSYoungGen      total 595456K, used 538556K [0x00000000d5f80000, 0x00000000ff900000, 0x0000000100000000)
  eden space 512512K, 100% used [0x00000000d5f80000,0x00000000f5400000,0x00000000f5400000)
  from space 82944K, 31% used [0x00000000fa800000,0x00000000fc16f190,0x00000000ff900000)
  to   space 84480K, 0% used [0x00000000f5400000,0x00000000f5400000,0x00000000fa680000)
 ParOldGen       total 764416K, used 664064K [0x0000000081e00000, 0x00000000b0880000, 0x00000000d5f80000)
  object space 764416K, 86% used [0x0000000081e00000,0x00000000aa680198,0x00000000b0880000)
 Metaspace       used 13748K, capacity 14110K, committed 14208K, reserved 1062912K
  class space    used 1504K, capacity 1618K, committed 1664K, reserved 1048576K
Event: 1558.901 GC heap after
Heap after GC invocations=523 (full 24):
 PSYoungGen      total 596992K, used 52288K [0x00000000d5f80000, 0x0000000100000000, 0x0000000100000000)
  eden space 512512K, 0% used [0x00000000d5f80000,0x00000000d5f80000,0x00000000f5400000)
  from space 84480K, 61% used [0x00000000f5400000,0x00000000f8710000,0x00000000fa680000)
  to   space 85504K, 0% used [0x00000000fac80000,0x00000000fac80000,0x0000000100000000)
 ParOldGen       total 764416K, used 666188K [0x0000000081e00000, 0x00000000b0880000, 0x00000000d5f80000)
  object space 764416K, 87% used [0x0000000081e00000,0x00000000aa893328,0x00000000b0880000)
 Metaspace       used 13748K, capacity 14110K, committed 14208K, reserved 1062912K
  class space    used 1504K, capacity 1618K, committed 1664K, reserved 1048576K
}
Event: 1559.644 GC heap before
{Heap before GC invocations=524 (full 24):
 PSYoungGen      total 596992K, used 564800K [0x00000000d5f80000, 0x0000000100000000, 0x0000000100000000)
  eden space 512512K, 100% used [0x00000000d5f80000,0x00000000f5400000,0x00000000f5400000)
  from space 84480K, 61% used [0x00000000f5400000,0x00000000f8710000,0x00000000fa680000)
  to   space 85504K, 0% used [0x00000000fac80000,0x00000000fac80000,0x0000000100000000)
 ParOldGen       total 764416K, used 666188K [0x0000000081e00000, 0x00000000b0880000, 0x00000000d5f80000)
  object space 764416K, 87% used [0x0000000081e00000,0x00000000aa893328,0x00000000b0880000)
 Metaspace       used 13748K, capacity 14110K, committed 14208K, reserved 1062912K
  class space    used 1504K, capacity 1618K, committed 1664K, reserved 1048576K
Event: 1559.692 GC heap after
Heap after GC invocations=524 (full 24):
 PSYoungGen      total 594944K, used 61920K [0x00000000d5f80000, 0x0000000100000000, 0x0000000100000000)
  eden space 509440K, 0% used [0x00000000d5f80000,0x00000000d5f80000,0x00000000f5100000)
  from space 85504K, 72% used [0x00000000fac80000,0x00000000fe8f8000,0x0000000100000000)
  to   space 89600K, 0% used [0x00000000f5100000,0x00000000f5100000,0x00000000fa880000)
 ParOldGen       total 764416K, used 718012K [0x0000000081e00000, 0x00000000b0880000, 0x00000000d5f80000)
  object space 764416K, 93% used [0x0000000081e00000,0x00000000adb2f328,0x00000000b0880000)
 Metaspace       used 13748K, capacity 14110K, committed 14208K, reserved 1062912K
  class space    used 1504K, capacity 1618K, committed 1664K, reserved 1048576K
}
Event: 1559.692 GC heap before
{Heap before GC invocations=525 (full 25):
 PSYoungGen      total 594944K, used 61920K [0x00000000d5f80000, 0x0000000100000000, 0x0000000100000000)
  eden space 509440K, 0% used [0x00000000d5f80000,0x00000000d5f80000,0x00000000f5100000)
  from space 85504K, 72% used [0x00000000fac80000,0x00000000fe8f8000,0x0000000100000000)
  to   space 89600K, 0% used [0x00000000f5100000,0x00000000f5100000,0x00000000fa880000)
 ParOldGen       total 764416K, used 718012K [0x0000000081e00000, 0x00000000b0880000, 0x00000000d5f80000)
  object space 764416K, 93% used [0x0000000081e00000,0x00000000adb2f328,0x00000000b0880000)
 Metaspace       used 13748K, capacity 14110K, committed 14208K, reserved 1062912K
  class space    used 1504K, capacity 1618K, committed 1664K, reserved 1048576K
Event: 1559.880 GC heap after
Heap after GC invocations=525 (full 25):
 PSYoungGen      total 594944K, used 0K [0x00000000d5f80000, 0x0000000100000000, 0x0000000100000000)
  eden space 509440K, 0% used [0x00000000d5f80000,0x00000000d5f80000,0x00000000f5100000)
  from space 85504K, 0% used [0x00000000fac80000,0x00000000fac80000,0x0000000100000000)
  to   space 89600K, 0% used [0x00000000f5100000,0x00000000f5100000,0x00000000fa880000)
 ParOldGen       total 781312K, used 127995K [0x0000000081e00000, 0x00000000b1900000, 0x00000000d5f80000)
  object space 781312K, 16% used [0x0000000081e00000,0x0000000089afece0,0x00000000b1900000)
 Metaspace       used 13748K, capacity 14110K, committed 14208K, reserved 1062912K
  class space    used 1504K, capacity 1618K, committed 1664K, reserved 1048576K
}

