# JRE version: Java(TM) SE Runtime Environment (8.0_261-b12) (build 1.8.0_261-b12)
# Java VM: Java HotSpot(TM) 64-Bit Server VM (25.261-b12 mixed mode windows-amd64 compressed oops)
Heap:
 PSYoungGen      total 459264K, used 122521K [0x00000000d5f80000, 0x0000000100000000, 0x0000000100000000)
  eden space 229888K, 41% used [0x00000000d5f80000,0x00000000dbdc6748,0x00000000e4000000)
  from space 229376K, 11% used [0x00000000f2000000,0x00000000f3960000,0x0000000100000000)
  to   space 229376K, 0% used [0x00000000e4000000,0x00000000e4000000,0x00000000f2000000)
 ParOldGen       total 629760K, used 483859K [0x0000000081e00000, 0x00000000a8500000, 0x00000000d5f80000)
  object space 629760K, 76% used [0x0000000081e00000,0x000000009f684e60,0x00000000a8500000)
 Metaspace       used 5826K, capacity 5984K, committed 6144K, reserved 1056768K
  class space    used 595K, capacity 670K, committed 768K, reserved 1048576K
GC Heap History (10 events):
Event: 54.001 GC heap before
{Heap before GC invocations=45 (full 5):
 PSYoungGen      total 459264K, used 245248K [0x00000000d5f80000, 0x0000000100000000, 0x0000000100000000)
  eden space 229888K, 100% used [0x00000000d5f80000,0x00000000e4000000,0x00000000e4000000)
  from space 229376K, 6% used [0x00000000e4000000,0x00000000e4f00000,0x00000000f2000000)
  to   space 229376K, 0% used [0x00000000f2000000,0x00000000f2000000,0x0000000100000000)
 ParOldGen       total 629760K, used 451059K [0x0000000081e00000, 0x00000000a8500000, 0x00000000d5f80000)
  object space 629760K, 71% used [0x0000000081e00000,0x000000009d67cd40,0x00000000a8500000)
 Metaspace       used 5824K, capacity 5980K, committed 6144K, reserved 1056768K
  class space    used 595K, capacity 670K, committed 768K, reserved 1048576K
Event: 54.013 GC heap after
Heap after GC invocations=45 (full 5):
 PSYoungGen      total 459264K, used 32K [0x00000000d5f80000, 0x0000000100000000, 0x0000000100000000)
  eden space 229888K, 0% used [0x00000000d5f80000,0x00000000d5f80000,0x00000000e4000000)
  from space 229376K, 0% used [0x00000000f2000000,0x00000000f2008000,0x0000000100000000)
  to   space 229376K, 0% used [0x00000000e4000000,0x00000000e4000000,0x00000000f2000000)
 ParOldGen       total 629760K, used 466619K [0x0000000081e00000, 0x00000000a8500000, 0x00000000d5f80000)
  object space 629760K, 74% used [0x0000000081e00000,0x000000009e5aee60,0x00000000a8500000)
 Metaspace       used 5824K, capacity 5980K, committed 6144K, reserved 1056768K
  class space    used 595K, capacity 670K, committed 768K, reserved 1048576K
}
Event: 54.625 GC heap before
{Heap before GC invocations=46 (full 5):
 PSYoungGen      total 459264K, used 229920K [0x00000000d5f80000, 0x0000000100000000, 0x0000000100000000)
  eden space 229888K, 100% used [0x00000000d5f80000,0x00000000e4000000,0x00000000e4000000)
  from space 229376K, 0% used [0x00000000f2000000,0x00000000f2008000,0x0000000100000000)
  to   space 229376K, 0% used [0x00000000e4000000,0x00000000e4000000,0x00000000f2000000)
 ParOldGen       total 629760K, used 466619K [0x0000000081e00000, 0x00000000a8500000, 0x00000000d5f80000)
  object space 629760K, 74% used [0x0000000081e00000,0x000000009e5aee60,0x00000000a8500000)
 Metaspace       used 5824K, capacity 5980K, committed 6144K, reserved 1056768K
  class space    used 595K, capacity 670K, committed 768K, reserved 1048576K
Event: 54.627 GC heap after
Heap after GC invocations=46 (full 5):
 PSYoungGen      total 459264K, used 80K [0x00000000d5f80000, 0x0000000100000000, 0x0000000100000000)
  eden space 229888K, 0% used [0x00000000d5f80000,0x00000000d5f80000,0x00000000e4000000)
  from space 229376K, 0% used [0x00000000e4000000,0x00000000e4014120,0x00000000f2000000)
  to   space 229376K, 0% used [0x00000000f2000000,0x00000000f2000000,0x0000000100000000)
 ParOldGen       total 629760K, used 466619K [0x0000000081e00000, 0x00000000a8500000, 0x00000000d5f80000)
  object space 629760K, 74% used [0x0000000081e00000,0x000000009e5aee60,0x00000000a8500000)
 Metaspace       used 5824K, capacity 5980K, committed 6144K, reserved 1056768K
  class space    used 595K, capacity 670K, committed 768K, reserved 1048576K
}
Event: 55.054 GC heap before
{Heap before GC invocations=47 (full 5):
 PSYoungGen      total 459264K, used 229968K [0x00000000d5f80000, 0x0000000100000000, 0x0000000100000000)
  eden space 229888K, 100% used [0x00000000d5f80000,0x00000000e4000000,0x00000000e4000000)
  from space 229376K, 0% used [0x00000000e4000000,0x00000000e4014120,0x00000000f2000000)
  to   space 229376K, 0% used [0x00000000f2000000,0x00000000f2000000,0x0000000100000000)
 ParOldGen       total 629760K, used 466619K [0x0000000081e00000, 0x00000000a8500000, 0x00000000d5f80000)
  object space 629760K, 74% used [0x0000000081e00000,0x000000009e5aee60,0x00000000a8500000)
 Metaspace       used 5824K, capacity 5980K, committed 6144K, reserved 1056768K
  class space    used 595K, capacity 670K, committed 768K, reserved 1048576K
Event: 55.056 GC heap after
Heap after GC invocations=47 (full 5):
 PSYoungGen      total 459264K, used 64K [0x00000000d5f80000, 0x0000000100000000, 0x0000000100000000)
  eden space 229888K, 0% used [0x00000000d5f80000,0x00000000d5f80000,0x00000000e4000000)
  from space 229376K, 0% used [0x00000000f2000000,0x00000000f2010000,0x0000000100000000)
  to   space 229376K, 0% used [0x00000000e4000000,0x00000000e4000000,0x00000000f2000000)
 ParOldGen       total 629760K, used 466619K [0x0000000081e00000, 0x00000000a8500000, 0x00000000d5f80000)
  object space 629760K, 74% used [0x0000000081e00000,0x000000009e5aee60,0x00000000a8500000)
 Metaspace       used 5824K, capacity 5980K, committed 6144K, reserved 1056768K
  class space    used 595K, capacity 670K, committed 768K, reserved 1048576K
}
Event: 55.640 GC heap before
{Heap before GC invocations=48 (full 5):
 PSYoungGen      total 459264K, used 229952K [0x00000000d5f80000, 0x0000000100000000, 0x0000000100000000)
  eden space 229888K, 100% used [0x00000000d5f80000,0x00000000e4000000,0x00000000e4000000)
  from space 229376K, 0% used [0x00000000f2000000,0x00000000f2010000,0x0000000100000000)
  to   space 229376K, 0% used [0x00000000e4000000,0x00000000e4000000,0x00000000f2000000)
 ParOldGen       total 629760K, used 466619K [0x0000000081e00000, 0x00000000a8500000, 0x00000000d5f80000)
  object space 629760K, 74% used [0x0000000081e00000,0x000000009e5aee60,0x00000000a8500000)
 Metaspace       used 5826K, capacity 5984K, committed 6144K, reserved 1056768K
  class space    used 595K, capacity 670K, committed 768K, reserved 1048576K
Event: 55.656 GC heap after
Heap after GC invocations=48 (full 5):
 PSYoungGen      total 459264K, used 17600K [0x00000000d5f80000, 0x0000000100000000, 0x0000000100000000)
  eden space 229888K, 0% used [0x00000000d5f80000,0x00000000d5f80000,0x00000000e4000000)
  from space 229376K, 7% used [0x00000000e4000000,0x00000000e5130000,0x00000000f2000000)
  to   space 229376K, 0% used [0x00000000f2000000,0x00000000f2000000,0x0000000100000000)
 ParOldGen       total 629760K, used 466619K [0x0000000081e00000, 0x00000000a8500000, 0x00000000d5f80000)
  object space 629760K, 74% used [0x0000000081e00000,0x000000009e5aee60,0x00000000a8500000)
 Metaspace       used 5826K, capacity 5984K, committed 6144K, reserved 1056768K
  class space    used 595K, capacity 670K, committed 768K, reserved 1048576K
}
Event: 56.202 GC heap before
{Heap before GC invocations=49 (full 5):
 PSYoungGen      total 459264K, used 247488K [0x00000000d5f80000, 0x0000000100000000, 0x0000000100000000)
  eden space 229888K, 100% used [0x00000000d5f80000,0x00000000e4000000,0x00000000e4000000)
  from space 229376K, 7% used [0x00000000e4000000,0x00000000e5130000,0x00000000f2000000)
  to   space 229376K, 0% used [0x00000000f2000000,0x00000000f2000000,0x0000000100000000)
 ParOldGen       total 629760K, used 466619K [0x0000000081e00000, 0x00000000a8500000, 0x00000000d5f80000)
  object space 629760K, 74% used [0x0000000081e00000,0x000000009e5aee60,0x00000000a8500000)
 Metaspace       used 5826K, capacity 5984K, committed 6144K, reserved 1056768K
  class space    used 595K, capacity 670K, committed 768K, reserved 1048576K
Event: 56.236 GC heap after
Heap after GC invocations=49 (full 5):
 PSYoungGen      total 459264K, used 25984K [0x00000000d5f80000, 0x0000000100000000, 0x0000000100000000)
  eden space 229888K, 0% used [0x00000000d5f80000,0x00000000d5f80000,0x00000000e4000000)
  from space 229376K, 11% used [0x00000000f2000000,0x00000000f3960000,0x0000000100000000)
  to   space 229376K, 0% used [0x00000000e4000000,0x00000000e4000000,0x00000000f2000000)
 ParOldGen       total 629760K, used 483859K [0x0000000081e00000, 0x00000000a8500000, 0x00000000d5f80000)
  object space 629760K, 76% used [0x0000000081e00000,0x000000009f684e60,0x00000000a8500000)
 Metaspace       used 5826K, capacity 5984K, committed 6144K, reserved 1056768K
  class space    used 595K, capacity 670K, committed 768K, reserved 1048576K
}

