# JRE version: Java(TM) SE Runtime Environment (8.0_261-b12) (build 1.8.0_261-b12)
# Java VM: Java HotSpot(TM) 64-Bit Server VM (25.261-b12 mixed mode windows-amd64 compressed oops)
Heap:
 par new generation   total 613440K, used 504762K [0x00000006c0000000, 0x00000006e9990000, 0x00000006e9990000)
  eden space 545344K,  91% used [0x00000006c0000000, 0x00000006de9f1698, 0x00000006e1490000)
  from space 68096K,   4% used [0x00000006e5710000, 0x00000006e5a0d4b0, 0x00000006e9990000)
  to   space 68096K,   0% used [0x00000006e1490000, 0x00000006e1490000, 0x00000006e5710000)
 concurrent mark-sweep generation total 2067768K, used 1784516K [0x00000006e9990000, 0x0000000767cde000, 0x00000007c0000000)
 Metaspace       used 13700K, capacity 14066K, committed 14208K, reserved 1062912K
  class space    used 1506K, capacity 1648K, committed 1664K, reserved 1048576K
GC Heap History (10 events):
Event: 2046.285 GC heap before
{Heap before GC invocations=2227 (full 65):
 par new generation   total 613440K, used 613440K [0x00000006c0000000, 0x00000006e9990000, 0x00000006e9990000)
  eden space 545344K, 100% used [0x00000006c0000000, 0x00000006e1490000, 0x00000006e1490000)
  from space 68096K, 100% used [0x00000006e1490000, 0x00000006e5710000, 0x00000006e5710000)
  to   space 68096K,   0% used [0x00000006e5710000, 0x00000006e5710000, 0x00000006e9990000)
 concurrent mark-sweep generation total 2067768K, used 1536564K [0x00000006e9990000, 0x0000000767cde000, 0x00000007c0000000)
 Metaspace       used 13699K, capacity 14066K, committed 14208K, reserved 1062912K
  class space    used 1506K, capacity 1648K, committed 1664K, reserved 1048576K
Event: 2046.372 GC heap after
Heap after GC invocations=2228 (full 65):
 par new generation   total 613440K, used 68096K [0x00000006c0000000, 0x00000006e9990000, 0x00000006e9990000)
  eden space 545344K,   0% used [0x00000006c0000000, 0x00000006c0000000, 0x00000006e1490000)
  from space 68096K, 100% used [0x00000006e5710000, 0x00000006e9990000, 0x00000006e9990000)
  to   space 68096K,   0% used [0x00000006e1490000, 0x00000006e1490000, 0x00000006e5710000)
 concurrent mark-sweep generation total 2067768K, used 1606956K [0x00000006e9990000, 0x0000000767cde000, 0x00000007c0000000)
 Metaspace       used 13699K, capacity 14066K, committed 14208K, reserved 1062912K
  class space    used 1506K, capacity 1648K, committed 1664K, reserved 1048576K
}
Event: 2047.500 GC heap before
{Heap before GC invocations=2228 (full 65):
 par new generation   total 613440K, used 613440K [0x00000006c0000000, 0x00000006e9990000, 0x00000006e9990000)
  eden space 545344K, 100% used [0x00000006c0000000, 0x00000006e1490000, 0x00000006e1490000)
  from space 68096K, 100% used [0x00000006e5710000, 0x00000006e9990000, 0x00000006e9990000)
  to   space 68096K,   0% used [0x00000006e1490000, 0x00000006e1490000, 0x00000006e5710000)
 concurrent mark-sweep generation total 2067768K, used 1606956K [0x00000006e9990000, 0x0000000767cde000, 0x00000007c0000000)
 Metaspace       used 13699K, capacity 14066K, committed 14208K, reserved 1062912K
  class space    used 1506K, capacity 1648K, committed 1664K, reserved 1048576K
Event: 2047.594 GC heap after
Heap after GC invocations=2229 (full 65):
 par new generation   total 613440K, used 68096K [0x00000006c0000000, 0x00000006e9990000, 0x00000006e9990000)
  eden space 545344K,   0% used [0x00000006c0000000, 0x00000006c0000000, 0x00000006e1490000)
  from space 68096K, 100% used [0x00000006e1490000, 0x00000006e5710000, 0x00000006e5710000)
  to   space 68096K,   0% used [0x00000006e5710000, 0x00000006e5710000, 0x00000006e9990000)
 concurrent mark-sweep generation total 2067768K, used 1678127K [0x00000006e9990000, 0x0000000767cde000, 0x00000007c0000000)
 Metaspace       used 13699K, capacity 14066K, committed 14208K, reserved 1062912K
  class space    used 1506K, capacity 1648K, committed 1664K, reserved 1048576K
}
Event: 2049.175 GC heap before
{Heap before GC invocations=2229 (full 66):
 par new generation   total 613440K, used 613440K [0x00000006c0000000, 0x00000006e9990000, 0x00000006e9990000)
  eden space 545344K, 100% used [0x00000006c0000000, 0x00000006e1490000, 0x00000006e1490000)
  from space 68096K, 100% used [0x00000006e1490000, 0x00000006e5710000, 0x00000006e5710000)
  to   space 68096K,   0% used [0x00000006e5710000, 0x00000006e5710000, 0x00000006e9990000)
 concurrent mark-sweep generation total 2067768K, used 1678127K [0x00000006e9990000, 0x0000000767cde000, 0x00000007c0000000)
 Metaspace       used 13699K, capacity 14066K, committed 14208K, reserved 1062912K
  class space    used 1506K, capacity 1648K, committed 1664K, reserved 1048576K
Event: 2049.267 GC heap after
Heap after GC invocations=2230 (full 66):
 par new generation   total 613440K, used 68096K [0x00000006c0000000, 0x00000006e9990000, 0x00000006e9990000)
  eden space 545344K,   0% used [0x00000006c0000000, 0x00000006c0000000, 0x00000006e1490000)
  from space 68096K, 100% used [0x00000006e5710000, 0x00000006e9990000, 0x00000006e9990000)
  to   space 68096K,   0% used [0x00000006e1490000, 0x00000006e1490000, 0x00000006e5710000)
 concurrent mark-sweep generation total 2067768K, used 1745094K [0x00000006e9990000, 0x0000000767cde000, 0x00000007c0000000)
 Metaspace       used 13699K, capacity 14066K, committed 14208K, reserved 1062912K
  class space    used 1506K, capacity 1648K, committed 1664K, reserved 1048576K
}
Event: 2050.697 GC heap before
{Heap before GC invocations=2230 (full 66):
 par new generation   total 613440K, used 613440K [0x00000006c0000000, 0x00000006e9990000, 0x00000006e9990000)
  eden space 545344K, 100% used [0x00000006c0000000, 0x00000006e1490000, 0x00000006e1490000)
  from space 68096K, 100% used [0x00000006e5710000, 0x00000006e9990000, 0x00000006e9990000)
  to   space 68096K,   0% used [0x00000006e1490000, 0x00000006e1490000, 0x00000006e5710000)
 concurrent mark-sweep generation total 2067768K, used 1745092K [0x00000006e9990000, 0x0000000767cde000, 0x00000007c0000000)
 Metaspace       used 13699K, capacity 14066K, committed 14208K, reserved 1062912K
  class space    used 1506K, capacity 1648K, committed 1664K, reserved 1048576K
Event: 2050.743 GC heap after
Heap after GC invocations=2231 (full 66):
 par new generation   total 613440K, used 12241K [0x00000006c0000000, 0x00000006e9990000, 0x00000006e9990000)
  eden space 545344K,   0% used [0x00000006c0000000, 0x00000006c0000000, 0x00000006e1490000)
  from space 68096K,  17% used [0x00000006e1490000, 0x00000006e2084600, 0x00000006e5710000)
  to   space 68096K,   0% used [0x00000006e5710000, 0x00000006e5710000, 0x00000006e9990000)
 concurrent mark-sweep generation total 2067768K, used 1789153K [0x00000006e9990000, 0x0000000767cde000, 0x00000007c0000000)
 Metaspace       used 13699K, capacity 14066K, committed 14208K, reserved 1062912K
  class space    used 1506K, capacity 1648K, committed 1664K, reserved 1048576K
}
Event: 2051.815 GC heap before
{Heap before GC invocations=2231 (full 66):
 par new generation   total 613440K, used 557585K [0x00000006c0000000, 0x00000006e9990000, 0x00000006e9990000)
  eden space 545344K, 100% used [0x00000006c0000000, 0x00000006e1490000, 0x00000006e1490000)
  from space 68096K,  17% used [0x00000006e1490000, 0x00000006e2084600, 0x00000006e5710000)
  to   space 68096K,   0% used [0x00000006e5710000, 0x00000006e5710000, 0x00000006e9990000)
 concurrent mark-sweep generation total 2067768K, used 1784516K [0x00000006e9990000, 0x0000000767cde000, 0x00000007c0000000)
 Metaspace       used 13699K, capacity 14066K, committed 14208K, reserved 1062912K
  class space    used 1506K, capacity 1648K, committed 1664K, reserved 1048576K
Event: 2051.817 GC heap after
Heap after GC invocations=2232 (full 66):
 par new generation   total 613440K, used 3061K [0x00000006c0000000, 0x00000006e9990000, 0x00000006e9990000)
  eden space 545344K,   0% used [0x00000006c0000000, 0x00000006c0000000, 0x00000006e1490000)
  from space 68096K,   4% used [0x00000006e5710000, 0x00000006e5a0d4b0, 0x00000006e9990000)
  to   space 68096K,   0% used [0x00000006e1490000, 0x00000006e1490000, 0x00000006e5710000)
 concurrent mark-sweep generation total 2067768K, used 1784516K [0x00000006e9990000, 0x0000000767cde000, 0x00000007c0000000)
 Metaspace       used 13699K, capacity 14066K, committed 14208K, reserved 1062912K
  class space    used 1506K, capacity 1648K, committed 1664K, reserved 1048576K
}

