# JRE version: Java(TM) SE Runtime Environment (8.0_261-b12) (build 1.8.0_261-b12)
# Java VM: Java HotSpot(TM) 64-Bit Server VM (25.261-b12 mixed mode windows-amd64 compressed oops)
Heap:
 PSYoungGen      total 610304K, used 580096K [0x00000000d5f80000, 0x00000000fd800000, 0x0000000100000000)
  eden space 580096K, 100% used [0x00000000d5f80000,0x00000000f9600000,0x00000000f9600000)
  from space 30208K, 0% used [0x00000000f9600000,0x00000000f9600000,0x00000000fb380000)
  to   space 31744K, 99% used [0x00000000fb900000,0x00000000fd7fa888,0x00000000fd800000)
 ParOldGen       total 1377792K, used 1377786K [0x0000000081e00000, 0x00000000d5f80000, 0x00000000d5f80000)
  object space 1377792K, 99% used [0x0000000081e00000,0x00000000d5f7e868,0x00000000d5f80000)
 Metaspace       used 13682K, capacity 14056K, committed 14208K, reserved 1062912K
  class space    used 1503K, capacity 1643K, committed 1664K, reserved 1048576K
GC Heap History (10 events):
Event: 1016.126 GC heap after
Heap after GC invocations=529 (full 9):
 PSYoungGen      total 610304K, used 158906K [0x00000000d5f80000, 0x00000000fd800000, 0x0000000100000000)
  eden space 580096K, 27% used [0x00000000d5f80000,0x00000000dfaaeb60,0x00000000f9600000)
  from space 30208K, 0% used [0x00000000f9600000,0x00000000f9600000,0x00000000fb380000)
  to   space 31744K, 0% used [0x00000000fb900000,0x00000000fb900000,0x00000000fd800000)
 ParOldGen       total 1377792K, used 1377687K [0x0000000081e00000, 0x00000000d5f80000, 0x00000000d5f80000)
  object space 1377792K, 99% used [0x0000000081e00000,0x00000000d5f65f88,0x00000000d5f80000)
 Metaspace       used 13682K, capacity 14056K, committed 14208K, reserved 1062912K
  class space    used 1503K, capacity 1643K, committed 1664K, reserved 1048576K
}
Event: 1017.622 GC heap before
{Heap before GC invocations=530 (full 10):
 PSYoungGen      total 610304K, used 580096K [0x00000000d5f80000, 0x00000000fd800000, 0x0000000100000000)
  eden space 580096K, 100% used [0x00000000d5f80000,0x00000000f9600000,0x00000000f9600000)
  from space 30208K, 0% used [0x00000000f9600000,0x00000000f9600000,0x00000000fb380000)
  to   space 31744K, 0% used [0x00000000fb900000,0x00000000fb900000,0x00000000fd800000)
 ParOldGen       total 1377792K, used 1377687K [0x0000000081e00000, 0x00000000d5f80000, 0x00000000d5f80000)
  object space 1377792K, 99% used [0x0000000081e00000,0x00000000d5f65f88,0x00000000d5f80000)
 Metaspace       used 13682K, capacity 14056K, committed 14208K, reserved 1062912K
  class space    used 1503K, capacity 1643K, committed 1664K, reserved 1048576K
Event: 1019.333 GC heap after
Heap after GC invocations=530 (full 10):
 PSYoungGen      total 610304K, used 215907K [0x00000000d5f80000, 0x00000000fd800000, 0x0000000100000000)
  eden space 580096K, 37% used [0x00000000d5f80000,0x00000000e3258fe8,0x00000000f9600000)
  from space 30208K, 0% used [0x00000000f9600000,0x00000000f9600000,0x00000000fb380000)
  to   space 31744K, 0% used [0x00000000fb900000,0x00000000fb900000,0x00000000fd800000)
 ParOldGen       total 1377792K, used 1377676K [0x0000000081e00000, 0x00000000d5f80000, 0x00000000d5f80000)
  object space 1377792K, 99% used [0x0000000081e00000,0x00000000d5f63298,0x00000000d5f80000)
 Metaspace       used 13682K, capacity 14056K, committed 14208K, reserved 1062912K
  class space    used 1503K, capacity 1643K, committed 1664K, reserved 1048576K
}
Event: 1020.310 GC heap before
{Heap before GC invocations=531 (full 11):
 PSYoungGen      total 610304K, used 580096K [0x00000000d5f80000, 0x00000000fd800000, 0x0000000100000000)
  eden space 580096K, 100% used [0x00000000d5f80000,0x00000000f9600000,0x00000000f9600000)
  from space 30208K, 0% used [0x00000000f9600000,0x00000000f9600000,0x00000000fb380000)
  to   space 31744K, 0% used [0x00000000fb900000,0x00000000fb900000,0x00000000fd800000)
 ParOldGen       total 1377792K, used 1377676K [0x0000000081e00000, 0x00000000d5f80000, 0x00000000d5f80000)
  object space 1377792K, 99% used [0x0000000081e00000,0x00000000d5f63298,0x00000000d5f80000)
 Metaspace       used 13682K, capacity 14056K, committed 14208K, reserved 1062912K
  class space    used 1503K, capacity 1643K, committed 1664K, reserved 1048576K
Event: 1021.848 GC heap after
Heap after GC invocations=531 (full 11):
 PSYoungGen      total 610304K, used 266934K [0x00000000d5f80000, 0x00000000fd800000, 0x0000000100000000)
  eden space 580096K, 46% used [0x00000000d5f80000,0x00000000e642dac8,0x00000000f9600000)
  from space 30208K, 0% used [0x00000000f9600000,0x00000000f9600000,0x00000000fb380000)
  to   space 31744K, 0% used [0x00000000fb900000,0x00000000fb900000,0x00000000fd800000)
 ParOldGen       total 1377792K, used 1377676K [0x0000000081e00000, 0x00000000d5f80000, 0x00000000d5f80000)
  object space 1377792K, 99% used [0x0000000081e00000,0x00000000d5f63298,0x00000000d5f80000)
 Metaspace       used 13682K, capacity 14056K, committed 14208K, reserved 1062912K
  class space    used 1503K, capacity 1643K, committed 1664K, reserved 1048576K
}
Event: 1022.692 GC heap before
{Heap before GC invocations=532 (full 12):
 PSYoungGen      total 610304K, used 580096K [0x00000000d5f80000, 0x00000000fd800000, 0x0000000100000000)
  eden space 580096K, 100% used [0x00000000d5f80000,0x00000000f9600000,0x00000000f9600000)
  from space 30208K, 0% used [0x00000000f9600000,0x00000000f9600000,0x00000000fb380000)
  to   space 31744K, 0% used [0x00000000fb900000,0x00000000fb900000,0x00000000fd800000)
 ParOldGen       total 1377792K, used 1377676K [0x0000000081e00000, 0x00000000d5f80000, 0x00000000d5f80000)
  object space 1377792K, 99% used [0x0000000081e00000,0x00000000d5f63298,0x00000000d5f80000)
 Metaspace       used 13682K, capacity 14056K, committed 14208K, reserved 1062912K
  class space    used 1503K, capacity 1643K, committed 1664K, reserved 1048576K
Event: 1024.187 GC heap after
Heap after GC invocations=532 (full 12):
 PSYoungGen      total 610304K, used 310156K [0x00000000d5f80000, 0x00000000fd800000, 0x0000000100000000)
  eden space 580096K, 53% used [0x00000000d5f80000,0x00000000e8e63348,0x00000000f9600000)
  from space 30208K, 0% used [0x00000000f9600000,0x00000000f9600000,0x00000000fb380000)
  to   space 31744K, 0% used [0x00000000fb900000,0x00000000fb900000,0x00000000fd800000)
 ParOldGen       total 1377792K, used 1377665K [0x0000000081e00000, 0x00000000d5f80000, 0x00000000d5f80000)
  object space 1377792K, 99% used [0x0000000081e00000,0x00000000d5f605c0,0x00000000d5f80000)
 Metaspace       used 13682K, capacity 14056K, committed 14208K, reserved 1062912K
  class space    used 1503K, capacity 1643K, committed 1664K, reserved 1048576K
}
Event: 1025.092 GC heap before
{Heap before GC invocations=533 (full 13):
 PSYoungGen      total 610304K, used 580096K [0x00000000d5f80000, 0x00000000fd800000, 0x0000000100000000)
  eden space 580096K, 100% used [0x00000000d5f80000,0x00000000f9600000,0x00000000f9600000)
  from space 30208K, 0% used [0x00000000f9600000,0x00000000f9600000,0x00000000fb380000)
  to   space 31744K, 0% used [0x00000000fb900000,0x00000000fb900000,0x00000000fd800000)
 ParOldGen       total 1377792K, used 1377665K [0x0000000081e00000, 0x00000000d5f80000, 0x00000000d5f80000)
  object space 1377792K, 99% used [0x0000000081e00000,0x00000000d5f605c0,0x00000000d5f80000)
 Metaspace       used 13682K, capacity 14056K, committed 14208K, reserved 1062912K
  class space    used 1503K, capacity 1643K, committed 1664K, reserved 1048576K
Event: 1028.042 GC heap after
Heap after GC invocations=533 (full 13):
 PSYoungGen      total 610304K, used 335598K [0x00000000d5f80000, 0x00000000fd800000, 0x0000000100000000)
  eden space 580096K, 57% used [0x00000000d5f80000,0x00000000ea73b938,0x00000000f9600000)
  from space 30208K, 0% used [0x00000000f9600000,0x00000000f9600000,0x00000000fb380000)
  to   space 31744K, 0% used [0x00000000fb900000,0x00000000fb900000,0x00000000fd800000)
 ParOldGen       total 1377792K, used 1377650K [0x0000000081e00000, 0x00000000d5f80000, 0x00000000d5f80000)
  object space 1377792K, 99% used [0x0000000081e00000,0x00000000d5f5c868,0x00000000d5f80000)
 Metaspace       used 13682K, capacity 14056K, committed 14208K, reserved 1062912K
  class space    used 1503K, capacity 1643K, committed 1664K, reserved 1048576K
}
Event: 1028.612 GC heap before
{Heap before GC invocations=534 (full 13):
 PSYoungGen      total 610304K, used 580096K [0x00000000d5f80000, 0x00000000fd800000, 0x0000000100000000)
  eden space 580096K, 100% used [0x00000000d5f80000,0x00000000f9600000,0x00000000f9600000)
  from space 30208K, 0% used [0x00000000f9600000,0x00000000f9600000,0x00000000fb380000)
  to   space 31744K, 0% used [0x00000000fb900000,0x00000000fb900000,0x00000000fd800000)
 ParOldGen       total 1377792K, used 1377650K [0x0000000081e00000, 0x00000000d5f80000, 0x00000000d5f80000)
  object space 1377792K, 99% used [0x0000000081e00000,0x00000000d5f5c868,0x00000000d5f80000)
 Metaspace       used 13682K, capacity 14056K, committed 14208K, reserved 1062912K
  class space    used 1503K, capacity 1643K, committed 1664K, reserved 1048576K

