# JRE version: Java(TM) SE Runtime Environment (8.0_261-b12) (build 1.8.0_261-b12)
# Java VM: Java HotSpot(TM) 64-Bit Server VM (25.261-b12 mixed mode windows-amd64 compressed oops)
Heap:
 PSYoungGen      total 452608K, used 325701K [0x00000000d5f80000, 0x00000000fed80000, 0x0000000100000000)
  eden space 262144K, 85% used [0x00000000d5f80000,0x00000000e3a364c8,0x00000000e5f80000)
  from space 190464K, 53% used [0x00000000e5f80000,0x00000000ec2db188,0x00000000f1980000)
  to   space 193024K, 0% used [0x00000000f3100000,0x00000000f3100000,0x00000000fed80000)
 ParOldGen       total 890880K, used 587791K [0x0000000081e00000, 0x00000000b8400000, 0x00000000d5f80000)
  object space 890880K, 65% used [0x0000000081e00000,0x00000000a5c03d28,0x00000000b8400000)
 Metaspace       used 13695K, capacity 14042K, committed 14208K, reserved 1062912K
  class space    used 1505K, capacity 1618K, committed 1664K, reserved 1048576K
GC Heap History (10 events):
Event: 462.972 GC heap before
{Heap before GC invocations=260 (full 9):
 PSYoungGen      total 459264K, used 248288K [0x00000000d5f80000, 0x0000000100000000, 0x0000000100000000)
  eden space 229888K, 100% used [0x00000000d5f80000,0x00000000e4000000,0x00000000e4000000)
  from space 229376K, 8% used [0x00000000f2000000,0x00000000f31f8000,0x0000000100000000)
  to   space 229376K, 0% used [0x00000000e4000000,0x00000000e4000000,0x00000000f2000000)
 ParOldGen       total 890880K, used 569502K [0x0000000081e00000, 0x00000000b8400000, 0x00000000d5f80000)
  object space 890880K, 63% used [0x0000000081e00000,0x00000000a4a27900,0x00000000b8400000)
 Metaspace       used 13693K, capacity 14042K, committed 14208K, reserved 1062912K
  class space    used 1505K, capacity 1618K, committed 1664K, reserved 1048576K
Event: 462.990 GC heap after
Heap after GC invocations=260 (full 9):
 PSYoungGen      total 248320K, used 18204K [0x00000000d5f80000, 0x00000000ff300000, 0x0000000100000000)
  eden space 229888K, 0% used [0x00000000d5f80000,0x00000000d5f80000,0x00000000e4000000)
  from space 18432K, 98% used [0x00000000e4000000,0x00000000e51c7178,0x00000000e5200000)
  to   space 222720K, 0% used [0x00000000f1980000,0x00000000f1980000,0x00000000ff300000)
 ParOldGen       total 890880K, used 587791K [0x0000000081e00000, 0x00000000b8400000, 0x00000000d5f80000)
  object space 890880K, 65% used [0x0000000081e00000,0x00000000a5c03d28,0x00000000b8400000)
 Metaspace       used 13693K, capacity 14042K, committed 14208K, reserved 1062912K
  class space    used 1505K, capacity 1618K, committed 1664K, reserved 1048576K
}
Event: 464.572 GC heap before
{Heap before GC invocations=261 (full 9):
 PSYoungGen      total 248320K, used 248092K [0x00000000d5f80000, 0x00000000ff300000, 0x0000000100000000)
  eden space 229888K, 100% used [0x00000000d5f80000,0x00000000e4000000,0x00000000e4000000)
  from space 18432K, 98% used [0x00000000e4000000,0x00000000e51c7178,0x00000000e5200000)
  to   space 222720K, 0% used [0x00000000f1980000,0x00000000f1980000,0x00000000ff300000)
 ParOldGen       total 890880K, used 587791K [0x0000000081e00000, 0x00000000b8400000, 0x00000000d5f80000)
  object space 890880K, 65% used [0x0000000081e00000,0x00000000a5c03d28,0x00000000b8400000)
 Metaspace       used 13693K, capacity 14042K, committed 14208K, reserved 1062912K
  class space    used 1505K, capacity 1618K, committed 1664K, reserved 1048576K
Event: 464.588 GC heap after
Heap after GC invocations=261 (full 9):
 PSYoungGen      total 454656K, used 38668K [0x00000000d5f80000, 0x00000000fe880000, 0x0000000100000000)
  eden space 242688K, 0% used [0x00000000d5f80000,0x00000000d5f80000,0x00000000e4c80000)
  from space 211968K, 18% used [0x00000000f1980000,0x00000000f3f43188,0x00000000fe880000)
  to   space 209920K, 0% used [0x00000000e4c80000,0x00000000e4c80000,0x00000000f1980000)
 ParOldGen       total 890880K, used 587791K [0x0000000081e00000, 0x00000000b8400000, 0x00000000d5f80000)
  object space 890880K, 65% used [0x0000000081e00000,0x00000000a5c03d28,0x00000000b8400000)
 Metaspace       used 13693K, capacity 14042K, committed 14208K, reserved 1062912K
  class space    used 1505K, capacity 1618K, committed 1664K, reserved 1048576K
}
Event: 466.272 GC heap before
{Heap before GC invocations=262 (full 9):
 PSYoungGen      total 454656K, used 281356K [0x00000000d5f80000, 0x00000000fe880000, 0x0000000100000000)
  eden space 242688K, 100% used [0x00000000d5f80000,0x00000000e4c80000,0x00000000e4c80000)
  from space 211968K, 18% used [0x00000000f1980000,0x00000000f3f43188,0x00000000fe880000)
  to   space 209920K, 0% used [0x00000000e4c80000,0x00000000e4c80000,0x00000000f1980000)
 ParOldGen       total 890880K, used 587791K [0x0000000081e00000, 0x00000000b8400000, 0x00000000d5f80000)
  object space 890880K, 65% used [0x0000000081e00000,0x00000000a5c03d28,0x00000000b8400000)
 Metaspace       used 13693K, capacity 14042K, committed 14208K, reserved 1062912K
  class space    used 1505K, capacity 1618K, committed 1664K, reserved 1048576K
Event: 466.294 GC heap after
Heap after GC invocations=262 (full 9):
 PSYoungGen      total 452608K, used 59720K [0x00000000d5f80000, 0x00000000fd980000, 0x0000000100000000)
  eden space 242688K, 0% used [0x00000000d5f80000,0x00000000d5f80000,0x00000000e4c80000)
  from space 209920K, 28% used [0x00000000e4c80000,0x00000000e86d2300,0x00000000f1980000)
  to   space 195584K, 0% used [0x00000000f1a80000,0x00000000f1a80000,0x00000000fd980000)
 ParOldGen       total 890880K, used 587791K [0x0000000081e00000, 0x00000000b8400000, 0x00000000d5f80000)
  object space 890880K, 65% used [0x0000000081e00000,0x00000000a5c03d28,0x00000000b8400000)
 Metaspace       used 13693K, capacity 14042K, committed 14208K, reserved 1062912K
  class space    used 1505K, capacity 1618K, committed 1664K, reserved 1048576K
}
Event: 467.066 GC heap before
{Heap before GC invocations=263 (full 9):
 PSYoungGen      total 452608K, used 302408K [0x00000000d5f80000, 0x00000000fd980000, 0x0000000100000000)
  eden space 242688K, 100% used [0x00000000d5f80000,0x00000000e4c80000,0x00000000e4c80000)
  from space 209920K, 28% used [0x00000000e4c80000,0x00000000e86d2300,0x00000000f1980000)
  to   space 195584K, 0% used [0x00000000f1a80000,0x00000000f1a80000,0x00000000fd980000)
 ParOldGen       total 890880K, used 587791K [0x0000000081e00000, 0x00000000b8400000, 0x00000000d5f80000)
  object space 890880K, 65% used [0x0000000081e00000,0x00000000a5c03d28,0x00000000b8400000)
 Metaspace       used 13693K, capacity 14042K, committed 14208K, reserved 1062912K
  class space    used 1505K, capacity 1618K, committed 1664K, reserved 1048576K
Event: 467.093 GC heap after
Heap after GC invocations=263 (full 9):
 PSYoungGen      total 451584K, used 80860K [0x00000000d5f80000, 0x00000000fd380000, 0x0000000100000000)
  eden space 262144K, 0% used [0x00000000d5f80000,0x00000000d5f80000,0x00000000e5f80000)
  from space 189440K, 42% used [0x00000000f1a80000,0x00000000f6977178,0x00000000fd380000)
  to   space 190464K, 0% used [0x00000000e5f80000,0x00000000e5f80000,0x00000000f1980000)
 ParOldGen       total 890880K, used 587791K [0x0000000081e00000, 0x00000000b8400000, 0x00000000d5f80000)
  object space 890880K, 65% used [0x0000000081e00000,0x00000000a5c03d28,0x00000000b8400000)
 Metaspace       used 13693K, capacity 14042K, committed 14208K, reserved 1062912K
  class space    used 1505K, capacity 1618K, committed 1664K, reserved 1048576K
}
Event: 468.855 GC heap before
{Heap before GC invocations=264 (full 9):
 PSYoungGen      total 451584K, used 343004K [0x00000000d5f80000, 0x00000000fd380000, 0x0000000100000000)
  eden space 262144K, 100% used [0x00000000d5f80000,0x00000000e5f80000,0x00000000e5f80000)
  from space 189440K, 42% used [0x00000000f1a80000,0x00000000f6977178,0x00000000fd380000)
  to   space 190464K, 0% used [0x00000000e5f80000,0x00000000e5f80000,0x00000000f1980000)
 ParOldGen       total 890880K, used 587791K [0x0000000081e00000, 0x00000000b8400000, 0x00000000d5f80000)
  object space 890880K, 65% used [0x0000000081e00000,0x00000000a5c03d28,0x00000000b8400000)
 Metaspace       used 13695K, capacity 14042K, committed 14208K, reserved 1062912K
  class space    used 1505K, capacity 1618K, committed 1664K, reserved 1048576K
Event: 468.887 GC heap after
Heap after GC invocations=264 (full 9):
 PSYoungGen      total 452608K, used 101740K [0x00000000d5f80000, 0x00000000fed80000, 0x0000000100000000)
  eden space 262144K, 0% used [0x00000000d5f80000,0x00000000d5f80000,0x00000000e5f80000)
  from space 190464K, 53% used [0x00000000e5f80000,0x00000000ec2db188,0x00000000f1980000)
  to   space 193024K, 0% used [0x00000000f3100000,0x00000000f3100000,0x00000000fed80000)
 ParOldGen       total 890880K, used 587791K [0x0000000081e00000, 0x00000000b8400000, 0x00000000d5f80000)
  object space 890880K, 65% used [0x0000000081e00000,0x00000000a5c03d28,0x00000000b8400000)
 Metaspace       used 13695K, capacity 14042K, committed 14208K, reserved 1062912K
  class space    used 1505K, capacity 1618K, committed 1664K, reserved 1048576K
}

