# JRE version: Java(TM) SE Runtime Environment (8.0_261-b12) (build 1.8.0_261-b12)
# Java VM: Java HotSpot(TM) 64-Bit Server VM (25.261-b12 mixed mode windows-amd64 compressed oops)
Heap:
 PSYoungGen      total 620032K, used 196035K [0x00000000d5f80000, 0x00000000ff880000, 0x0000000100000000)
  eden space 563200K, 28% used [0x00000000d5f80000,0x00000000dfd68dc8,0x00000000f8580000)
  from space 56832K, 60% used [0x00000000fc100000,0x00000000fe288000,0x00000000ff880000)
  to   space 58880K, 0% used [0x00000000f8580000,0x00000000f8580000,0x00000000fbf00000)
 ParOldGen       total 1377792K, used 1276998K [0x0000000081e00000, 0x00000000d5f80000, 0x00000000d5f80000)
  object space 1377792K, 92% used [0x0000000081e00000,0x00000000cfd11960,0x00000000d5f80000)
 Metaspace       used 13790K, capacity 14100K, committed 14208K, reserved 1062912K
  class space    used 1506K, capacity 1613K, committed 1664K, reserved 1048576K
GC Heap History (10 events):
Event: 1981.558 GC heap before
{Heap before GC invocations=787 (full 17):
 PSYoungGen      total 599552K, used 599104K [0x00000000d5f80000, 0x00000000ffc00000, 0x0000000100000000)
  eden space 560640K, 100% used [0x00000000d5f80000,0x00000000f8300000,0x00000000f8300000)
  from space 38912K, 98% used [0x00000000f8300000,0x00000000fa890000,0x00000000fa900000)
  to   space 61952K, 0% used [0x00000000fbf80000,0x00000000fbf80000,0x00000000ffc00000)
 ParOldGen       total 1377792K, used 1274622K [0x0000000081e00000, 0x00000000d5f80000, 0x00000000d5f80000)
  object space 1377792K, 92% used [0x0000000081e00000,0x00000000cfabf960,0x00000000d5f80000)
 Metaspace       used 13790K, capacity 14100K, committed 14208K, reserved 1062912K
  class space    used 1506K, capacity 1613K, committed 1664K, reserved 1048576K
Event: 1981.585 GC heap after
Heap after GC invocations=787 (full 17):
 PSYoungGen      total 620544K, used 47070K [0x00000000d5f80000, 0x0000000100000000, 0x0000000100000000)
  eden space 558592K, 0% used [0x00000000d5f80000,0x00000000d5f80000,0x00000000f8100000)
  from space 61952K, 75% used [0x00000000fbf80000,0x00000000fed778c8,0x00000000ffc00000)
  to   space 64000K, 0% used [0x00000000f8100000,0x00000000f8100000,0x00000000fbf80000)
 ParOldGen       total 1377792K, used 1275006K [0x0000000081e00000, 0x00000000d5f80000, 0x00000000d5f80000)
  object space 1377792K, 92% used [0x0000000081e00000,0x00000000cfb1f960,0x00000000d5f80000)
 Metaspace       used 13790K, capacity 14100K, committed 14208K, reserved 1062912K
  class space    used 1506K, capacity 1613K, committed 1664K, reserved 1048576K
}
Event: 1983.651 GC heap before
{Heap before GC invocations=788 (full 17):
 PSYoungGen      total 620544K, used 605662K [0x00000000d5f80000, 0x0000000100000000, 0x0000000100000000)
  eden space 558592K, 100% used [0x00000000d5f80000,0x00000000f8100000,0x00000000f8100000)
  from space 61952K, 75% used [0x00000000fbf80000,0x00000000fed778c8,0x00000000ffc00000)
  to   space 64000K, 0% used [0x00000000f8100000,0x00000000f8100000,0x00000000fbf80000)
 ParOldGen       total 1377792K, used 1275006K [0x0000000081e00000, 0x00000000d5f80000, 0x00000000d5f80000)
  object space 1377792K, 92% used [0x0000000081e00000,0x00000000cfb1f960,0x00000000d5f80000)
 Metaspace       used 13790K, capacity 14100K, committed 14208K, reserved 1062912K
  class space    used 1506K, capacity 1613K, committed 1664K, reserved 1048576K
Event: 1983.679 GC heap after
Heap after GC invocations=788 (full 17):
 PSYoungGen      total 622592K, used 36032K [0x00000000d5f80000, 0x00000000ffd00000, 0x0000000100000000)
  eden space 558592K, 0% used [0x00000000d5f80000,0x00000000d5f80000,0x00000000f8100000)
  from space 64000K, 56% used [0x00000000f8100000,0x00000000fa430000,0x00000000fbf80000)
  to   space 61440K, 0% used [0x00000000fc100000,0x00000000fc100000,0x00000000ffd00000)
 ParOldGen       total 1377792K, used 1275390K [0x0000000081e00000, 0x00000000d5f80000, 0x00000000d5f80000)
  object space 1377792K, 92% used [0x0000000081e00000,0x00000000cfb7f960,0x00000000d5f80000)
 Metaspace       used 13790K, capacity 14100K, committed 14208K, reserved 1062912K
  class space    used 1506K, capacity 1613K, committed 1664K, reserved 1048576K
}
Event: 1986.910 GC heap before
{Heap before GC invocations=789 (full 17):
 PSYoungGen      total 622592K, used 594624K [0x00000000d5f80000, 0x00000000ffd00000, 0x0000000100000000)
  eden space 558592K, 100% used [0x00000000d5f80000,0x00000000f8100000,0x00000000f8100000)
  from space 64000K, 56% used [0x00000000f8100000,0x00000000fa430000,0x00000000fbf80000)
  to   space 61440K, 0% used [0x00000000fc100000,0x00000000fc100000,0x00000000ffd00000)
 ParOldGen       total 1377792K, used 1275390K [0x0000000081e00000, 0x00000000d5f80000, 0x00000000d5f80000)
  object space 1377792K, 92% used [0x0000000081e00000,0x00000000cfb7f960,0x00000000d5f80000)
 Metaspace       used 13790K, capacity 14100K, committed 14208K, reserved 1062912K
  class space    used 1506K, capacity 1613K, committed 1664K, reserved 1048576K
Event: 1986.933 GC heap after
Heap after GC invocations=789 (full 17):
 PSYoungGen      total 620032K, used 35582K [0x00000000d5f80000, 0x00000000ff880000, 0x0000000100000000)
  eden space 563200K, 0% used [0x00000000d5f80000,0x00000000d5f80000,0x00000000f8580000)
  from space 56832K, 62% used [0x00000000fc100000,0x00000000fe3bf8c8,0x00000000ff880000)
  to   space 58880K, 0% used [0x00000000f8580000,0x00000000f8580000,0x00000000fbf00000)
 ParOldGen       total 1377792K, used 1276318K [0x0000000081e00000, 0x00000000d5f80000, 0x00000000d5f80000)
  object space 1377792K, 92% used [0x0000000081e00000,0x00000000cfc67960,0x00000000d5f80000)
 Metaspace       used 13790K, capacity 14100K, committed 14208K, reserved 1062912K
  class space    used 1506K, capacity 1613K, committed 1664K, reserved 1048576K
}
Event: 1989.812 GC heap before
{Heap before GC invocations=790 (full 17):
 PSYoungGen      total 620032K, used 598782K [0x00000000d5f80000, 0x00000000ff880000, 0x0000000100000000)
  eden space 563200K, 100% used [0x00000000d5f80000,0x00000000f8580000,0x00000000f8580000)
  from space 56832K, 62% used [0x00000000fc100000,0x00000000fe3bf8c8,0x00000000ff880000)
  to   space 58880K, 0% used [0x00000000f8580000,0x00000000f8580000,0x00000000fbf00000)
 ParOldGen       total 1377792K, used 1276318K [0x0000000081e00000, 0x00000000d5f80000, 0x00000000d5f80000)
  object space 1377792K, 92% used [0x0000000081e00000,0x00000000cfc67960,0x00000000d5f80000)
 Metaspace       used 13790K, capacity 14100K, committed 14208K, reserved 1062912K
  class space    used 1506K, capacity 1613K, committed 1664K, reserved 1048576K
Event: 1989.838 GC heap after
Heap after GC invocations=790 (full 17):
 PSYoungGen      total 622080K, used 43294K [0x00000000d5f80000, 0x00000000ff880000, 0x0000000100000000)
  eden space 563200K, 0% used [0x00000000d5f80000,0x00000000d5f80000,0x00000000f8580000)
  from space 58880K, 73% used [0x00000000f8580000,0x00000000fafc78c8,0x00000000fbf00000)
  to   space 56832K, 0% used [0x00000000fc100000,0x00000000fc100000,0x00000000ff880000)
 ParOldGen       total 1377792K, used 1276646K [0x0000000081e00000, 0x00000000d5f80000, 0x00000000d5f80000)
  object space 1377792K, 92% used [0x0000000081e00000,0x00000000cfcb9960,0x00000000d5f80000)
 Metaspace       used 13790K, capacity 14100K, committed 14208K, reserved 1062912K
  class space    used 1506K, capacity 1613K, committed 1664K, reserved 1048576K
}
Event: 1991.727 GC heap before
{Heap before GC invocations=791 (full 17):
 PSYoungGen      total 622080K, used 606494K [0x00000000d5f80000, 0x00000000ff880000, 0x0000000100000000)
  eden space 563200K, 100% used [0x00000000d5f80000,0x00000000f8580000,0x00000000f8580000)
  from space 58880K, 73% used [0x00000000f8580000,0x00000000fafc78c8,0x00000000fbf00000)
  to   space 56832K, 0% used [0x00000000fc100000,0x00000000fc100000,0x00000000ff880000)
 ParOldGen       total 1377792K, used 1276646K [0x0000000081e00000, 0x00000000d5f80000, 0x00000000d5f80000)
  object space 1377792K, 92% used [0x0000000081e00000,0x00000000cfcb9960,0x00000000d5f80000)
 Metaspace       used 13790K, capacity 14100K, committed 14208K, reserved 1062912K
  class space    used 1506K, capacity 1613K, committed 1664K, reserved 1048576K
Event: 1991.745 GC heap after
Heap after GC invocations=791 (full 17):
 PSYoungGen      total 620032K, used 34336K [0x00000000d5f80000, 0x00000000ff880000, 0x0000000100000000)
  eden space 563200K, 0% used [0x00000000d5f80000,0x00000000d5f80000,0x00000000f8580000)
  from space 56832K, 60% used [0x00000000fc100000,0x00000000fe288000,0x00000000ff880000)
  to   space 58880K, 0% used [0x00000000f8580000,0x00000000f8580000,0x00000000fbf00000)
 ParOldGen       total 1377792K, used 1276998K [0x0000000081e00000, 0x00000000d5f80000, 0x00000000d5f80000)
  object space 1377792K, 92% used [0x0000000081e00000,0x00000000cfd11960,0x00000000d5f80000)
 Metaspace       used 13790K, capacity 14100K, committed 14208K, reserved 1062912K
  class space    used 1506K, capacity 1613K, committed 1664K, reserved 1048576K
}

