# JRE version: Java(TM) SE Runtime Environment (8.0_261-b12) (build 1.8.0_261-b12)
# Java VM: Java HotSpot(TM) 64-Bit Server VM (25.261-b12 mixed mode windows-amd64 compressed oops)
Heap:
 PSYoungGen      total 456704K, used 217362K [0x00000000d5f80000, 0x0000000100000000, 0x0000000100000000)
  eden space 229888K, 22% used [0x00000000d5f80000,0x00000000d90e4bd8,0x00000000e4000000)
  from space 226816K, 73% used [0x00000000f2280000,0x00000000fc560000,0x0000000100000000)
  to   space 229376K, 0% used [0x00000000e4000000,0x00000000e4000000,0x00000000f2000000)
 ParOldGen       total 706560K, used 498311K [0x0000000081e00000, 0x00000000ad000000, 0x00000000d5f80000)
  object space 706560K, 70% used [0x0000000081e00000,0x00000000a04a1f40,0x00000000ad000000)
 Metaspace       used 5841K, capacity 6048K, committed 6400K, reserved 1056768K
  class space    used 595K, capacity 670K, committed 768K, reserved 1048576K
GC Heap History (10 events):
Event: 75.329 GC heap before
{Heap before GC invocations=72 (full 6):
 PSYoungGen      total 257536K, used 257472K [0x00000000d5f80000, 0x00000000ffb00000, 0x0000000100000000)
  eden space 229888K, 100% used [0x00000000d5f80000,0x00000000e4000000,0x00000000e4000000)
  from space 27648K, 99% used [0x00000000e4000000,0x00000000e5af0000,0x00000000e5b00000)
  to   space 226816K, 0% used [0x00000000f1d80000,0x00000000f1d80000,0x00000000ffb00000)
 ParOldGen       total 706560K, used 498311K [0x0000000081e00000, 0x00000000ad000000, 0x00000000d5f80000)
  object space 706560K, 70% used [0x0000000081e00000,0x00000000a04a1f40,0x00000000ad000000)
 Metaspace       used 5841K, capacity 6048K, committed 6400K, reserved 1056768K
  class space    used 595K, capacity 670K, committed 768K, reserved 1048576K
Event: 75.360 GC heap after
Heap after GC invocations=72 (full 6):
 PSYoungGen      total 444416K, used 54368K [0x00000000d5f80000, 0x00000000fe580000, 0x0000000100000000)
  eden space 239616K, 0% used [0x00000000d5f80000,0x00000000d5f80000,0x00000000e4980000)
  from space 204800K, 26% used [0x00000000f1d80000,0x00000000f5298000,0x00000000fe580000)
  to   space 210944K, 0% used [0x00000000e4980000,0x00000000e4980000,0x00000000f1780000)
 ParOldGen       total 706560K, used 498311K [0x0000000081e00000, 0x00000000ad000000, 0x00000000d5f80000)
  object space 706560K, 70% used [0x0000000081e00000,0x00000000a04a1f40,0x00000000ad000000)
 Metaspace       used 5841K, capacity 6048K, committed 6400K, reserved 1056768K
  class space    used 595K, capacity 670K, committed 768K, reserved 1048576K
}
Event: 75.833 GC heap before
{Heap before GC invocations=73 (full 6):
 PSYoungGen      total 444416K, used 293984K [0x00000000d5f80000, 0x00000000fe580000, 0x0000000100000000)
  eden space 239616K, 100% used [0x00000000d5f80000,0x00000000e4980000,0x00000000e4980000)
  from space 204800K, 26% used [0x00000000f1d80000,0x00000000f5298000,0x00000000fe580000)
  to   space 210944K, 0% used [0x00000000e4980000,0x00000000e4980000,0x00000000f1780000)
 ParOldGen       total 706560K, used 498311K [0x0000000081e00000, 0x00000000ad000000, 0x00000000d5f80000)
  object space 706560K, 70% used [0x0000000081e00000,0x00000000a04a1f40,0x00000000ad000000)
 Metaspace       used 5841K, capacity 6048K, committed 6400K, reserved 1056768K
  class space    used 595K, capacity 670K, committed 768K, reserved 1048576K
Event: 75.881 GC heap after
Heap after GC invocations=73 (full 6):
 PSYoungGen      total 450560K, used 81536K [0x00000000d5f80000, 0x00000000fe980000, 0x0000000100000000)
  eden space 239616K, 0% used [0x00000000d5f80000,0x00000000d5f80000,0x00000000e4980000)
  from space 210944K, 38% used [0x00000000e4980000,0x00000000e9920000,0x00000000f1780000)
  to   space 206848K, 0% used [0x00000000f1f80000,0x00000000f1f80000,0x00000000fe980000)
 ParOldGen       total 706560K, used 498311K [0x0000000081e00000, 0x00000000ad000000, 0x00000000d5f80000)
  object space 706560K, 70% used [0x0000000081e00000,0x00000000a04a1f40,0x00000000ad000000)
 Metaspace       used 5841K, capacity 6048K, committed 6400K, reserved 1056768K
  class space    used 595K, capacity 670K, committed 768K, reserved 1048576K
}
Event: 76.378 GC heap before
{Heap before GC invocations=74 (full 6):
 PSYoungGen      total 450560K, used 321152K [0x00000000d5f80000, 0x00000000fe980000, 0x0000000100000000)
  eden space 239616K, 100% used [0x00000000d5f80000,0x00000000e4980000,0x00000000e4980000)
  from space 210944K, 38% used [0x00000000e4980000,0x00000000e9920000,0x00000000f1780000)
  to   space 206848K, 0% used [0x00000000f1f80000,0x00000000f1f80000,0x00000000fe980000)
 ParOldGen       total 706560K, used 498311K [0x0000000081e00000, 0x00000000ad000000, 0x00000000d5f80000)
  object space 706560K, 70% used [0x0000000081e00000,0x00000000a04a1f40,0x00000000ad000000)
 Metaspace       used 5841K, capacity 6048K, committed 6400K, reserved 1056768K
  class space    used 595K, capacity 670K, committed 768K, reserved 1048576K
Event: 76.448 GC heap after
Heap after GC invocations=74 (full 6):
 PSYoungGen      total 453120K, used 109984K [0x00000000d5f80000, 0x00000000ff780000, 0x0000000100000000)
  eden space 246272K, 0% used [0x00000000d5f80000,0x00000000d5f80000,0x00000000e5000000)
  from space 206848K, 53% used [0x00000000f1f80000,0x00000000f8ae8000,0x00000000fe980000)
  to   space 212480K, 0% used [0x00000000e5000000,0x00000000e5000000,0x00000000f1f80000)
 ParOldGen       total 706560K, used 498311K [0x0000000081e00000, 0x00000000ad000000, 0x00000000d5f80000)
  object space 706560K, 70% used [0x0000000081e00000,0x00000000a04a1f40,0x00000000ad000000)
 Metaspace       used 5841K, capacity 6048K, committed 6400K, reserved 1056768K
  class space    used 595K, capacity 670K, committed 768K, reserved 1048576K
}
Event: 77.068 GC heap before
{Heap before GC invocations=75 (full 6):
 PSYoungGen      total 453120K, used 356256K [0x00000000d5f80000, 0x00000000ff780000, 0x0000000100000000)
  eden space 246272K, 100% used [0x00000000d5f80000,0x00000000e5000000,0x00000000e5000000)
  from space 206848K, 53% used [0x00000000f1f80000,0x00000000f8ae8000,0x00000000fe980000)
  to   space 212480K, 0% used [0x00000000e5000000,0x00000000e5000000,0x00000000f1f80000)
 ParOldGen       total 706560K, used 498311K [0x0000000081e00000, 0x00000000ad000000, 0x00000000d5f80000)
  object space 706560K, 70% used [0x0000000081e00000,0x00000000a04a1f40,0x00000000ad000000)
 Metaspace       used 5841K, capacity 6048K, committed 6400K, reserved 1056768K
  class space    used 595K, capacity 670K, committed 768K, reserved 1048576K
Event: 77.134 GC heap after
Heap after GC invocations=75 (full 6):
 PSYoungGen      total 458752K, used 137888K [0x00000000d5f80000, 0x0000000100000000, 0x0000000100000000)
  eden space 246272K, 0% used [0x00000000d5f80000,0x00000000d5f80000,0x00000000e5000000)
  from space 212480K, 64% used [0x00000000e5000000,0x00000000ed6a8000,0x00000000f1f80000)
  to   space 226816K, 0% used [0x00000000f2280000,0x00000000f2280000,0x0000000100000000)
 ParOldGen       total 706560K, used 498311K [0x0000000081e00000, 0x00000000ad000000, 0x00000000d5f80000)
  object space 706560K, 70% used [0x0000000081e00000,0x00000000a04a1f40,0x00000000ad000000)
 Metaspace       used 5841K, capacity 6048K, committed 6400K, reserved 1056768K
  class space    used 595K, capacity 670K, committed 768K, reserved 1048576K
}
Event: 77.748 GC heap before
{Heap before GC invocations=76 (full 6):
 PSYoungGen      total 458752K, used 384160K [0x00000000d5f80000, 0x0000000100000000, 0x0000000100000000)
  eden space 246272K, 100% used [0x00000000d5f80000,0x00000000e5000000,0x00000000e5000000)
  from space 212480K, 64% used [0x00000000e5000000,0x00000000ed6a8000,0x00000000f1f80000)
  to   space 226816K, 0% used [0x00000000f2280000,0x00000000f2280000,0x0000000100000000)
 ParOldGen       total 706560K, used 498311K [0x0000000081e00000, 0x00000000ad000000, 0x00000000d5f80000)
  object space 706560K, 70% used [0x0000000081e00000,0x00000000a04a1f40,0x00000000ad000000)
 Metaspace       used 5841K, capacity 6048K, committed 6400K, reserved 1056768K
  class space    used 595K, capacity 670K, committed 768K, reserved 1048576K
Event: 77.824 GC heap after
Heap after GC invocations=76 (full 6):
 PSYoungGen      total 456704K, used 166784K [0x00000000d5f80000, 0x0000000100000000, 0x0000000100000000)
  eden space 229888K, 0% used [0x00000000d5f80000,0x00000000d5f80000,0x00000000e4000000)
  from space 226816K, 73% used [0x00000000f2280000,0x00000000fc560000,0x0000000100000000)
  to   space 229376K, 0% used [0x00000000e4000000,0x00000000e4000000,0x00000000f2000000)
 ParOldGen       total 706560K, used 498311K [0x0000000081e00000, 0x00000000ad000000, 0x00000000d5f80000)
  object space 706560K, 70% used [0x0000000081e00000,0x00000000a04a1f40,0x00000000ad000000)
 Metaspace       used 5841K, capacity 6048K, committed 6400K, reserved 1056768K
  class space    used 595K, capacity 670K, committed 768K, reserved 1048576K
}

