# JRE version: Java(TM) SE Runtime Environment (8.0_261-b12) (build 1.8.0_261-b12)
# Java VM: Java HotSpot(TM) 64-Bit Server VM (25.261-b12 mixed mode windows-amd64 compressed oops)
Heap:
 PSYoungGen      total 382976K, used 214143K [0x00000000d5f80000, 0x00000000fa900000, 0x0000000100000000)
  eden space 297472K, 71% used [0x00000000d5f80000,0x00000000e309fe30,0x00000000e8200000)
  from space 85504K, 0% used [0x00000000e8200000,0x00000000e8200000,0x00000000ed580000)
  to   space 151040K, 0% used [0x00000000f1580000,0x00000000f1580000,0x00000000fa900000)
 ParOldGen       total 1301504K, used 135771K [0x0000000081e00000, 0x00000000d1500000, 0x00000000d5f80000)
  object space 1301504K, 10% used [0x0000000081e00000,0x000000008a296ca0,0x00000000d1500000)
 Metaspace       used 13658K, capacity 14030K, committed 14208K, reserved 1062912K
  class space    used 1504K, capacity 1616K, committed 1664K, reserved 1048576K
GC Heap History (10 events):
Event: 796.530 GC heap before
{Heap before GC invocations=683 (full 18):
 PSYoungGen      total 445952K, used 336664K [0x00000000d5f80000, 0x00000000fd200000, 0x0000000100000000)
  eden space 251392K, 100% used [0x00000000d5f80000,0x00000000e5500000,0x00000000e5500000)
  from space 194560K, 43% used [0x00000000e5500000,0x00000000ea8461a8,0x00000000f1300000)
  to   space 183808K, 0% used [0x00000000f1e80000,0x00000000f1e80000,0x00000000fd200000)
 ParOldGen       total 1301504K, used 1151407K [0x0000000081e00000, 0x00000000d1500000, 0x00000000d5f80000)
  object space 1301504K, 88% used [0x0000000081e00000,0x00000000c826bf48,0x00000000d1500000)
 Metaspace       used 13658K, capacity 14030K, committed 14208K, reserved 1062912K
  class space    used 1504K, capacity 1616K, committed 1664K, reserved 1048576K
Event: 796.559 GC heap after
Heap after GC invocations=683 (full 18):
 PSYoungGen      total 439296K, used 85360K [0x00000000d5f80000, 0x00000000fc000000, 0x0000000100000000)
  eden space 273920K, 0% used [0x00000000d5f80000,0x00000000d5f80000,0x00000000e6b00000)
  from space 165376K, 51% used [0x00000000f1e80000,0x00000000f71dc350,0x00000000fc000000)
  to   space 174592K, 0% used [0x00000000e6b00000,0x00000000e6b00000,0x00000000f1580000)
 ParOldGen       total 1301504K, used 1151407K [0x0000000081e00000, 0x00000000d1500000, 0x00000000d5f80000)
  object space 1301504K, 88% used [0x0000000081e00000,0x00000000c826bf48,0x00000000d1500000)
 Metaspace       used 13658K, capacity 14030K, committed 14208K, reserved 1062912K
  class space    used 1504K, capacity 1616K, committed 1664K, reserved 1048576K
}
Event: 797.116 GC heap before
{Heap before GC invocations=684 (full 18):
 PSYoungGen      total 439296K, used 359280K [0x00000000d5f80000, 0x00000000fc000000, 0x0000000100000000)
  eden space 273920K, 100% used [0x00000000d5f80000,0x00000000e6b00000,0x00000000e6b00000)
  from space 165376K, 51% used [0x00000000f1e80000,0x00000000f71dc350,0x00000000fc000000)
  to   space 174592K, 0% used [0x00000000e6b00000,0x00000000e6b00000,0x00000000f1580000)
 ParOldGen       total 1301504K, used 1151407K [0x0000000081e00000, 0x00000000d1500000, 0x00000000d5f80000)
  object space 1301504K, 88% used [0x0000000081e00000,0x00000000c826bf48,0x00000000d1500000)
 Metaspace       used 13658K, capacity 14030K, committed 14208K, reserved 1062912K
  class space    used 1504K, capacity 1616K, committed 1664K, reserved 1048576K
Event: 797.142 GC heap after
Heap after GC invocations=684 (full 18):
 PSYoungGen      total 448512K, used 85304K [0x00000000d5f80000, 0x00000000fc680000, 0x0000000100000000)
  eden space 273920K, 0% used [0x00000000d5f80000,0x00000000d5f80000,0x00000000e6b00000)
  from space 174592K, 48% used [0x00000000e6b00000,0x00000000ebe4e1a8,0x00000000f1580000)
  to   space 165888K, 0% used [0x00000000f2480000,0x00000000f2480000,0x00000000fc680000)
 ParOldGen       total 1301504K, used 1151407K [0x0000000081e00000, 0x00000000d1500000, 0x00000000d5f80000)
  object space 1301504K, 88% used [0x0000000081e00000,0x00000000c826bf48,0x00000000d1500000)
 Metaspace       used 13658K, capacity 14030K, committed 14208K, reserved 1062912K
  class space    used 1504K, capacity 1616K, committed 1664K, reserved 1048576K
}
Event: 797.739 GC heap before
{Heap before GC invocations=685 (full 18):
 PSYoungGen      total 448512K, used 359224K [0x00000000d5f80000, 0x00000000fc680000, 0x0000000100000000)
  eden space 273920K, 100% used [0x00000000d5f80000,0x00000000e6b00000,0x00000000e6b00000)
  from space 174592K, 48% used [0x00000000e6b00000,0x00000000ebe4e1a8,0x00000000f1580000)
  to   space 165888K, 0% used [0x00000000f2480000,0x00000000f2480000,0x00000000fc680000)
 ParOldGen       total 1301504K, used 1151407K [0x0000000081e00000, 0x00000000d1500000, 0x00000000d5f80000)
  object space 1301504K, 88% used [0x0000000081e00000,0x00000000c826bf48,0x00000000d1500000)
 Metaspace       used 13658K, capacity 14030K, committed 14208K, reserved 1062912K
  class space    used 1504K, capacity 1616K, committed 1664K, reserved 1048576K
Event: 797.767 GC heap after
Heap after GC invocations=685 (full 18):
 PSYoungGen      total 446464K, used 85336K [0x00000000d5f80000, 0x00000000fb600000, 0x0000000100000000)
  eden space 297472K, 0% used [0x00000000d5f80000,0x00000000d5f80000,0x00000000e8200000)
  from space 148992K, 57% used [0x00000000f2480000,0x00000000f77d61a8,0x00000000fb600000)
  to   space 157696K, 0% used [0x00000000e8200000,0x00000000e8200000,0x00000000f1c00000)
 ParOldGen       total 1301504K, used 1151407K [0x0000000081e00000, 0x00000000d1500000, 0x00000000d5f80000)
  object space 1301504K, 88% used [0x0000000081e00000,0x00000000c826bf48,0x00000000d1500000)
 Metaspace       used 13658K, capacity 14030K, committed 14208K, reserved 1062912K
  class space    used 1504K, capacity 1616K, committed 1664K, reserved 1048576K
}
Event: 798.097 GC heap before
{Heap before GC invocations=686 (full 18):
 PSYoungGen      total 446464K, used 222212K [0x00000000d5f80000, 0x00000000fb600000, 0x0000000100000000)
  eden space 297472K, 46% used [0x00000000d5f80000,0x00000000de52afc0,0x00000000e8200000)
  from space 148992K, 57% used [0x00000000f2480000,0x00000000f77d61a8,0x00000000fb600000)
  to   space 157696K, 0% used [0x00000000e8200000,0x00000000e8200000,0x00000000f1c00000)
 ParOldGen       total 1301504K, used 1151407K [0x0000000081e00000, 0x00000000d1500000, 0x00000000d5f80000)
  object space 1301504K, 88% used [0x0000000081e00000,0x00000000c826bf48,0x00000000d1500000)
 Metaspace       used 13658K, capacity 14030K, committed 14208K, reserved 1062912K
  class space    used 1504K, capacity 1616K, committed 1664K, reserved 1048576K
Event: 798.130 GC heap after
Heap after GC invocations=686 (full 18):
 PSYoungGen      total 382976K, used 85312K [0x00000000d5f80000, 0x00000000fa900000, 0x0000000100000000)
  eden space 297472K, 0% used [0x00000000d5f80000,0x00000000d5f80000,0x00000000e8200000)
  from space 85504K, 99% used [0x00000000e8200000,0x00000000ed550000,0x00000000ed580000)
  to   space 151040K, 0% used [0x00000000f1580000,0x00000000f1580000,0x00000000fa900000)
 ParOldGen       total 1301504K, used 1151407K [0x0000000081e00000, 0x00000000d1500000, 0x00000000d5f80000)
  object space 1301504K, 88% used [0x0000000081e00000,0x00000000c826bf48,0x00000000d1500000)
 Metaspace       used 13658K, capacity 14030K, committed 14208K, reserved 1062912K
  class space    used 1504K, capacity 1616K, committed 1664K, reserved 1048576K
}
Event: 798.130 GC heap before
{Heap before GC invocations=687 (full 19):
 PSYoungGen      total 382976K, used 85312K [0x00000000d5f80000, 0x00000000fa900000, 0x0000000100000000)
  eden space 297472K, 0% used [0x00000000d5f80000,0x00000000d5f80000,0x00000000e8200000)
  from space 85504K, 99% used [0x00000000e8200000,0x00000000ed550000,0x00000000ed580000)
  to   space 151040K, 0% used [0x00000000f1580000,0x00000000f1580000,0x00000000fa900000)
 ParOldGen       total 1301504K, used 1151407K [0x0000000081e00000, 0x00000000d1500000, 0x00000000d5f80000)
  object space 1301504K, 88% used [0x0000000081e00000,0x00000000c826bf48,0x00000000d1500000)
 Metaspace       used 13658K, capacity 14030K, committed 14208K, reserved 1062912K
  class space    used 1504K, capacity 1616K, committed 1664K, reserved 1048576K
Event: 798.362 GC heap after
Heap after GC invocations=687 (full 19):
 PSYoungGen      total 382976K, used 0K [0x00000000d5f80000, 0x00000000fa900000, 0x0000000100000000)
  eden space 297472K, 0% used [0x00000000d5f80000,0x00000000d5f80000,0x00000000e8200000)
  from space 85504K, 0% used [0x00000000e8200000,0x00000000e8200000,0x00000000ed580000)
  to   space 151040K, 0% used [0x00000000f1580000,0x00000000f1580000,0x00000000fa900000)
 ParOldGen       total 1301504K, used 135771K [0x0000000081e00000, 0x00000000d1500000, 0x00000000d5f80000)
  object space 1301504K, 10% used [0x0000000081e00000,0x000000008a296ca0,0x00000000d1500000)
 Metaspace       used 13658K, capacity 14030K, committed 14208K, reserved 1062912K
  class space    used 1504K, capacity 1616K, committed 1664K, reserved 1048576K
}

