# JRE version: Java(TM) SE Runtime Environment (8.0_261-b12) (build 1.8.0_261-b12)
# Java VM: Java HotSpot(TM) 64-Bit Server VM (25.261-b12 mixed mode windows-amd64 compressed oops)
Heap:
 PSYoungGen      total 627200K, used 334508K [0x00000000d5f80000, 0x00000000ffd80000, 0x0000000100000000)
  eden space 572416K, 52% used [0x00000000d5f80000,0x00000000e84ec130,0x00000000f8e80000)
  from space 54784K, 62% used [0x00000000fc800000,0x00000000fe93f190,0x00000000ffd80000)
  to   space 56832K, 0% used [0x00000000f8e80000,0x00000000f8e80000,0x00000000fc600000)
 ParOldGen       total 694784K, used 331577K [0x0000000081e00000, 0x00000000ac480000, 0x00000000d5f80000)
  object space 694784K, 47% used [0x0000000081e00000,0x00000000961ce500,0x00000000ac480000)
 Metaspace       used 13669K, capacity 14030K, committed 14208K, reserved 1062912K
  class space    used 1500K, capacity 1616K, committed 1664K, reserved 1048576K
GC Heap History (10 events):
Event: 1256.848 GC heap before
{Heap before GC invocations=483 (full 9):
 PSYoungGen      total 630784K, used 605086K [0x00000000d5f80000, 0x00000000fff00000, 0x0000000100000000)
  eden space 573952K, 100% used [0x00000000d5f80000,0x00000000f9000000,0x00000000f9000000)
  from space 56832K, 54% used [0x00000000f9000000,0x00000000fae678c8,0x00000000fc780000)
  to   space 56832K, 0% used [0x00000000fc780000,0x00000000fc780000,0x00000000fff00000)
 ParOldGen       total 694784K, used 327139K [0x0000000081e00000, 0x00000000ac480000, 0x00000000d5f80000)
  object space 694784K, 47% used [0x0000000081e00000,0x0000000095d78c38,0x00000000ac480000)
 Metaspace       used 13669K, capacity 14030K, committed 14208K, reserved 1062912K
  class space    used 1500K, capacity 1616K, committed 1664K, reserved 1048576K
Event: 1256.871 GC heap after
Heap after GC invocations=483 (full 9):
 PSYoungGen      total 628736K, used 38558K [0x00000000d5f80000, 0x00000000ffc00000, 0x0000000100000000)
  eden space 574976K, 0% used [0x00000000d5f80000,0x00000000d5f80000,0x00000000f9100000)
  from space 53760K, 71% used [0x00000000fc780000,0x00000000fed278c8,0x00000000ffc00000)
  to   space 54784K, 0% used [0x00000000f9100000,0x00000000f9100000,0x00000000fc680000)
 ParOldGen       total 694784K, used 327635K [0x0000000081e00000, 0x00000000ac480000, 0x00000000d5f80000)
  object space 694784K, 47% used [0x0000000081e00000,0x0000000095df4c38,0x00000000ac480000)
 Metaspace       used 13669K, capacity 14030K, committed 14208K, reserved 1062912K
  class space    used 1500K, capacity 1616K, committed 1664K, reserved 1048576K
}
Event: 1259.524 GC heap before
{Heap before GC invocations=484 (full 9):
 PSYoungGen      total 628736K, used 613534K [0x00000000d5f80000, 0x00000000ffc00000, 0x0000000100000000)
  eden space 574976K, 100% used [0x00000000d5f80000,0x00000000f9100000,0x00000000f9100000)
  from space 53760K, 71% used [0x00000000fc780000,0x00000000fed278c8,0x00000000ffc00000)
  to   space 54784K, 0% used [0x00000000f9100000,0x00000000f9100000,0x00000000fc680000)
 ParOldGen       total 694784K, used 327635K [0x0000000081e00000, 0x00000000ac480000, 0x00000000d5f80000)
  object space 694784K, 47% used [0x0000000081e00000,0x0000000095df4c38,0x00000000ac480000)
 Metaspace       used 13669K, capacity 14030K, committed 14208K, reserved 1062912K
  class space    used 1500K, capacity 1616K, committed 1664K, reserved 1048576K
Event: 1259.543 GC heap after
Heap after GC invocations=484 (full 9):
 PSYoungGen      total 629760K, used 35808K [0x00000000d5f80000, 0x00000000fff00000, 0x0000000100000000)
  eden space 574976K, 0% used [0x00000000d5f80000,0x00000000d5f80000,0x00000000f9100000)
  from space 54784K, 65% used [0x00000000f9100000,0x00000000fb3f8000,0x00000000fc680000)
  to   space 53760K, 0% used [0x00000000fca80000,0x00000000fca80000,0x00000000fff00000)
 ParOldGen       total 694784K, used 328155K [0x0000000081e00000, 0x00000000ac480000, 0x00000000d5f80000)
  object space 694784K, 47% used [0x0000000081e00000,0x0000000095e76c38,0x00000000ac480000)
 Metaspace       used 13669K, capacity 14030K, committed 14208K, reserved 1062912K
  class space    used 1500K, capacity 1616K, committed 1664K, reserved 1048576K
}
Event: 1263.006 GC heap before
{Heap before GC invocations=485 (full 9):
 PSYoungGen      total 629760K, used 610784K [0x00000000d5f80000, 0x00000000fff00000, 0x0000000100000000)
  eden space 574976K, 100% used [0x00000000d5f80000,0x00000000f9100000,0x00000000f9100000)
  from space 54784K, 65% used [0x00000000f9100000,0x00000000fb3f8000,0x00000000fc680000)
  to   space 53760K, 0% used [0x00000000fca80000,0x00000000fca80000,0x00000000fff00000)
 ParOldGen       total 694784K, used 328155K [0x0000000081e00000, 0x00000000ac480000, 0x00000000d5f80000)
  object space 694784K, 47% used [0x0000000081e00000,0x0000000095e76c38,0x00000000ac480000)
 Metaspace       used 13669K, capacity 14030K, committed 14208K, reserved 1062912K
  class space    used 1500K, capacity 1616K, committed 1664K, reserved 1048576K
Event: 1263.041 GC heap after
Heap after GC invocations=485 (full 9):
 PSYoungGen      total 624640K, used 53758K [0x00000000d5f80000, 0x0000000100000000, 0x0000000100000000)
  eden space 570880K, 0% used [0x00000000d5f80000,0x00000000d5f80000,0x00000000f8d00000)
  from space 53760K, 99% used [0x00000000fca80000,0x00000000ffeff8c8,0x00000000fff00000)
  to   space 58880K, 0% used [0x00000000f8d00000,0x00000000f8d00000,0x00000000fc680000)
 ParOldGen       total 694784K, used 330825K [0x0000000081e00000, 0x00000000ac480000, 0x00000000d5f80000)
  object space 694784K, 47% used [0x0000000081e00000,0x0000000096112500,0x00000000ac480000)
 Metaspace       used 13669K, capacity 14030K, committed 14208K, reserved 1062912K
  class space    used 1500K, capacity 1616K, committed 1664K, reserved 1048576K
}
Event: 1265.383 GC heap before
{Heap before GC invocations=486 (full 9):
 PSYoungGen      total 624640K, used 624638K [0x00000000d5f80000, 0x0000000100000000, 0x0000000100000000)
  eden space 570880K, 100% used [0x00000000d5f80000,0x00000000f8d00000,0x00000000f8d00000)
  from space 53760K, 99% used [0x00000000fca80000,0x00000000ffeff8c8,0x00000000fff00000)
  to   space 58880K, 0% used [0x00000000f8d00000,0x00000000f8d00000,0x00000000fc680000)
 ParOldGen       total 694784K, used 330825K [0x0000000081e00000, 0x00000000ac480000, 0x00000000d5f80000)
  object space 694784K, 47% used [0x0000000081e00000,0x0000000096112500,0x00000000ac480000)
 Metaspace       used 13669K, capacity 14030K, committed 14208K, reserved 1062912K
  class space    used 1500K, capacity 1616K, committed 1664K, reserved 1048576K
Event: 1265.405 GC heap after
Heap after GC invocations=486 (full 9):
 PSYoungGen      total 629760K, used 39262K [0x00000000d5f80000, 0x0000000100000000, 0x0000000100000000)
  eden space 570880K, 0% used [0x00000000d5f80000,0x00000000d5f80000,0x00000000f8d00000)
  from space 58880K, 66% used [0x00000000f8d00000,0x00000000fb3578c8,0x00000000fc680000)
  to   space 57344K, 0% used [0x00000000fc800000,0x00000000fc800000,0x0000000100000000)
 ParOldGen       total 694784K, used 331577K [0x0000000081e00000, 0x00000000ac480000, 0x00000000d5f80000)
  object space 694784K, 47% used [0x0000000081e00000,0x00000000961ce500,0x00000000ac480000)
 Metaspace       used 13669K, capacity 14030K, committed 14208K, reserved 1062912K
  class space    used 1500K, capacity 1616K, committed 1664K, reserved 1048576K
}
Event: 1268.924 GC heap before
{Heap before GC invocations=487 (full 9):
 PSYoungGen      total 629760K, used 610142K [0x00000000d5f80000, 0x0000000100000000, 0x0000000100000000)
  eden space 570880K, 100% used [0x00000000d5f80000,0x00000000f8d00000,0x00000000f8d00000)
  from space 58880K, 66% used [0x00000000f8d00000,0x00000000fb3578c8,0x00000000fc680000)
  to   space 57344K, 0% used [0x00000000fc800000,0x00000000fc800000,0x0000000100000000)
 ParOldGen       total 694784K, used 331577K [0x0000000081e00000, 0x00000000ac480000, 0x00000000d5f80000)
  object space 694784K, 47% used [0x0000000081e00000,0x00000000961ce500,0x00000000ac480000)
 Metaspace       used 13669K, capacity 14030K, committed 14208K, reserved 1062912K
  class space    used 1500K, capacity 1616K, committed 1664K, reserved 1048576K
Event: 1268.944 GC heap after
Heap after GC invocations=487 (full 9):
 PSYoungGen      total 627200K, used 34044K [0x00000000d5f80000, 0x00000000ffd80000, 0x0000000100000000)
  eden space 572416K, 0% used [0x00000000d5f80000,0x00000000d5f80000,0x00000000f8e80000)
  from space 54784K, 62% used [0x00000000fc800000,0x00000000fe93f190,0x00000000ffd80000)
  to   space 56832K, 0% used [0x00000000f8e80000,0x00000000f8e80000,0x00000000fc600000)
 ParOldGen       total 694784K, used 331577K [0x0000000081e00000, 0x00000000ac480000, 0x00000000d5f80000)
  object space 694784K, 47% used [0x0000000081e00000,0x00000000961ce500,0x00000000ac480000)
 Metaspace       used 13669K, capacity 14030K, committed 14208K, reserved 1062912K
  class space    used 1500K, capacity 1616K, committed 1664K, reserved 1048576K
}

